#
# A fatal error has been detected by the Java Runtime Environment:
#
#  EXCEPTION_ACCESS_VIOLATION (0xc0000005) at pc=0x0000000000000000, pid=10684, tid=14800
#
# JRE version: OpenJDK Runtime Environment (19.0+36) (build 19+36-2238)
# Java VM: OpenJDK 64-Bit Server VM (19+36-2238, mixed mode, sharing, tiered, compressed oops, compressed class ptrs, g1 gc, windows-amd64)
# Problematic frame:
# C  0x0000000000000000
#
# No core dump will be written. Minidumps are not enabled by default on client versions of Windows
#
# If you would like to submit a bug report, please visit:
#   https://bugreport.java.com/bugreport/crash.jsp
# The crash happened outside the Java Virtual Machine in native code.
# See problematic frame for where to report the bug.
#

---------------  S U M M A R Y ------------

Command Line: -agentlib:jdwp=transport=dt_socket,server=n,suspend=y,address=127.0.0.1:54821 -Dfile.encoding=windows-1250 -Duser.country=SK -Duser.language=sk -Duser.variant sk.uniza.fri.hra.DesktopLauncher

Host: AMD Ryzen 7 5700U with Radeon Graphics         , 16 cores, 31G,  Windows 10 , 64 bit Build 19041 (10.0.19041.2251)
Time: Fri Dec  9 18:27:16 2022 Stredoeurópsky 4 bit Build 19041 (10.0.19041.2251) elapsed time: 0.831791 seconds (0d 0h 0m 0s)

---------------  T H R E A D  ---------------

Current thread (0x000002150e538da0):  JavaThread "main" [_thread_in_native, id=14800, stack(0x000000cf04b00000,0x000000cf04c00000)]

Stack: [0x000000cf04b00000,0x000000cf04c00000],  sp=0x000000cf04bfe3e8,  free space=1016k
Native frames: (J=compiled Java code, j=interpreted, Vv=VM code, C=native code)

Java frames: (J=compiled Java code, j=interpreted, Vv=VM code)
j  org.lwjgl.opengl.GL11.glGetString(I)Ljava/lang/String;+1
j  com.badlogic.gdx.backends.lwjgl3.Lwjgl3Application.initiateGL()V+3
j  com.badlogic.gdx.backends.lwjgl3.Lwjgl3Application.createGlfwWindow(Lcom/badlogic/gdx/backends/lwjgl3/Lwjgl3ApplicationConfiguration;J)J+582
j  com.badlogic.gdx.backends.lwjgl3.Lwjgl3Application.createWindow(Lcom/badlogic/gdx/backends/lwjgl3/Lwjgl3Window;Lcom/badlogic/gdx/backends/lwjgl3/Lwjgl3ApplicationConfiguration;J)V+2
j  com.badlogic.gdx.backends.lwjgl3.Lwjgl3Application.createWindow(Lcom/badlogic/gdx/backends/lwjgl3/Lwjgl3ApplicationConfiguration;Lcom/badlogic/gdx/ApplicationListener;J)Lcom/badlogic/gdx/backends/lwjgl3/Lwjgl3Window;+23
j  com.badlogic.gdx.backends.lwjgl3.Lwjgl3Application.<init>(Lcom/badlogic/gdx/ApplicationListener;Lcom/badlogic/gdx/backends/lwjgl3/Lwjgl3ApplicationConfiguration;)V+230
j  sk.uniza.fri.hra.DesktopLauncher.main([Ljava/lang/String;)V+26
v  ~StubRoutines::call_stub 0x000002151f0d100e

siginfo: EXCEPTION_ACCESS_VIOLATION (0xc0000005), data execution prevention violation at address 0x0000000000000000


Registers:
RAX=0x000002154e270000, RBX=0x000002153c9ec3d0, RCX=0x000002150e539080, RDX=0x000002153c9ec3d0
RSP=0x000000cf04bfe3e8, RBP=0x0000000000000002, RSI=0x000000cf04bfe490, RDI=0x000002150e539080
R8 =0x0000000000010002, R9 =0x0000000000000000, R10=0x00007ffbe8f40000, R11=0x000000cf04bfe3b8
R12=0x0000000000000007, R13=0x000002150e39ed90, R14=0x00007ffbe9ef0300, R15=0x0000000000000000
RIP=0x0000000000000000, EFLAGS=0x0000000000010202


Register to memory mapping:

RIP=0x0 is NULL
RAX=0x000002154e270000 points into unknown readable memory: 0x0000000000000000 | 00 00 00 00 00 00 00 00
RBX=0x000002153c9ec3d0 points into unknown readable memory: 0x0000000629c0a4b0 | b0 a4 c0 29 06 00 00 00
RCX=0x000002150e539080 points into unknown readable memory: 0x000002154e270000 | 00 00 27 4e 15 02 00 00
RDX=0x000002153c9ec3d0 points into unknown readable memory: 0x0000000629c0a4b0 | b0 a4 c0 29 06 00 00 00
RSP=0x000000cf04bfe3e8 is pointing into the stack for thread: 0x000002150e538da0
RBP=0x0000000000000002 is an unknown value
RSI=0x000000cf04bfe490 is pointing into the stack for thread: 0x000002150e538da0
RDI=0x000002150e539080 points into unknown readable memory: 0x000002154e270000 | 00 00 27 4e 15 02 00 00
R8 =0x0000000000010002 is an unknown value
R9 =0x0 is NULL
R10=0x00007ffbe8f40000 VCRUNTIME140.dll
R11=0x000000cf04bfe3b8 is pointing into the stack for thread: 0x000002150e538da0
R12=0x0000000000000007 is an unknown value
R13=0x000002150e39ed90 points into unknown readable memory: 0x00007ffbe8d58ff0 | f0 8f d5 e8 fb 7f 00 00
R14=0x00007ffbe9ef0300 jdwp.dll
R15=0x0 is NULL


Top of Stack: (sp=0x000000cf04bfe3e8)
0x000000cf04bfe3e8:   00007ffbe9ed5bd1 000002153c9ec3d0
0x000000cf04bfe3f8:   000000cf04bfe490 0000000000000000
0x000000cf04bfe408:   0000000000000000 00007ffbe8d3ecd0
0x000000cf04bfe418:   00000000000039d0 000002153c9ec3d0
0x000000cf04bfe428:   00007ffbe9ef0328 0000000000000000
0x000000cf04bfe438:   00007ffbe9ed272f 000002153c9ec3d0
0x000000cf04bfe448:   0000000000000002 000002150e539080
0x000000cf04bfe458:   000002153c9ec3d8 0000000542140100
0x000000cf04bfe468:   00007ffbe848685f 0000000000000000
0x000000cf04bfe478:   00007ffbe89414b0 000000cf04bfe4e0
0x000000cf04bfe488:   00007ffbe848a286 0000000000000007
0x000000cf04bfe498:   000002153c9ec3d0 0000000000000000
0x000000cf04bfe4a8:   000002153c9ec3d8 0000000000000000
0x000000cf04bfe4b8:   0000000000000000 0000000000000000
0x000000cf04bfe4c8:   0000000000000000 0000000000000000
0x000000cf04bfe4d8:   0000000000000000 0000000000000000 

Instructions: (pc=0x0000000000000000)
0xffffffffffffff00:   


Stack slot to memory mapping:
stack at sp + 0 slots: 0x00007ffbe9ed5bd1 jdwp.dll
stack at sp + 1 slots: 0x000002153c9ec3d0 points into unknown readable memory: 0x0000000629c0a4b0 | b0 a4 c0 29 06 00 00 00
stack at sp + 2 slots: 0x000000cf04bfe490 is pointing into the stack for thread: 0x000002150e538da0
stack at sp + 3 slots: 0x0 is NULL
stack at sp + 4 slots: 0x0 is NULL
stack at sp + 5 slots: 0x00007ffbe8d3ecd0 jvm.dll
stack at sp + 6 slots: 0x00000000000039d0 is an unknown value
stack at sp + 7 slots: 0x000002153c9ec3d0 points into unknown readable memory: 0x0000000629c0a4b0 | b0 a4 c0 29 06 00 00 00


---------------  P R O C E S S  ---------------

Threads class SMR info:
_java_thread_list=0x0000021544b1cf90, length=20, elements={
0x000002150e538da0, 0x0000021541808020, 0x0000021541808c10, 0x000002154180a9d0,
0x000002154180b440, 0x000002154180beb0, 0x000002154180cb20, 0x000002154180da60,
0x0000021541810860, 0x0000021541813460, 0x000002153c9db4e0, 0x0000021541973f20,
0x0000021541997360, 0x00000215419aeaa0, 0x00000215419b4f90, 0x00000215419b7430,
0x00000215419bb050, 0x0000021542352b90, 0x0000021545101b00, 0x000002154525fa30
}

Java Threads: ( => current thread )
=>0x000002150e538da0 JavaThread "main" [_thread_in_native, id=14800, stack(0x000000cf04b00000,0x000000cf04c00000)]
  0x0000021541808020 JavaThread "Reference Handler" daemon [_thread_blocked, id=14848, stack(0x000000cf05200000,0x000000cf05300000)]
  0x0000021541808c10 JavaThread "Finalizer" daemon [_thread_blocked, id=13152, stack(0x000000cf05300000,0x000000cf05400000)]
  0x000002154180a9d0 JavaThread "Signal Dispatcher" daemon [_thread_blocked, id=18940, stack(0x000000cf05400000,0x000000cf05500000)]
  0x000002154180b440 JavaThread "Attach Listener" daemon [_thread_blocked, id=12116, stack(0x000000cf05500000,0x000000cf05600000)]
  0x000002154180beb0 JavaThread "Service Thread" daemon [_thread_blocked, id=4952, stack(0x000000cf05600000,0x000000cf05700000)]
  0x000002154180cb20 JavaThread "Monitor Deflation Thread" daemon [_thread_blocked, id=2628, stack(0x000000cf05700000,0x000000cf05800000)]
  0x000002154180da60 JavaThread "C2 CompilerThread0" daemon [_thread_blocked, id=4272, stack(0x000000cf05800000,0x000000cf05900000)]
  0x0000021541810860 JavaThread "C1 CompilerThread0" daemon [_thread_blocked, id=15584, stack(0x000000cf05900000,0x000000cf05a00000)]
  0x0000021541813460 JavaThread "Sweeper thread" daemon [_thread_blocked, id=5468, stack(0x000000cf05a00000,0x000000cf05b00000)]
  0x000002153c9db4e0 JavaThread "C1 CompilerThread1" daemon [_thread_blocked, id=18832, stack(0x000000cf05b00000,0x000000cf05c00000)]
  0x0000021541973f20 JavaThread "C1 CompilerThread2" daemon [_thread_blocked, id=19016, stack(0x000000cf05c00000,0x000000cf05d00000)]
  0x0000021541997360 JavaThread "JDWP Transport Listener: dt_socket" daemon [_thread_blocked, id=648, stack(0x000000cf05d00000,0x000000cf05e00000)]
  0x00000215419aeaa0 JavaThread "JDWP Event Helper Thread" daemon [_thread_blocked, id=18148, stack(0x000000cf05e00000,0x000000cf05f00000)]
  0x00000215419b4f90 JavaThread "JDWP Command Reader" daemon [_thread_in_native, id=1984, stack(0x000000cf05f00000,0x000000cf06000000)]
  0x00000215419b7430 JavaThread "Notification Thread" daemon [_thread_blocked, id=19348, stack(0x000000cf06000000,0x000000cf06100000)]
  0x00000215419bb050 JavaThread "Common-Cleaner" daemon [_thread_blocked, id=19252, stack(0x000000cf06200000,0x000000cf06300000)]
  0x0000021542352b90 JavaThread "C1 CompilerThread3" daemon [_thread_blocked, id=16252, stack(0x000000cf06c00000,0x000000cf06d00000)]
  0x0000021545101b00 JavaThread "C2 CompilerThread1" daemon [_thread_blocked, id=3932, stack(0x000000cf06300000,0x000000cf06400000)]
  0x000002154525fa30 JavaThread "C2 CompilerThread2" daemon [_thread_blocked, id=15884, stack(0x000000cf07200000,0x000000cf07300000)]

Other Threads:
  0x000002153c9eabc0 VMThread "VM Thread" [stack: 0x000000cf05100000,0x000000cf05200000] [id=19412]
  0x00000215419b7970 WatcherThread "VM Periodic Task Thread" [stack: 0x000000cf06100000,0x000000cf06200000] [id=18208]
  0x000002150e5e7b20 WorkerThread "GC Thread#0" [stack: 0x000000cf04c00000,0x000000cf04d00000] [id=18732]
  0x000002150e5f8440 ConcurrentGCThread "G1 Main Marker" [stack: 0x000000cf04d00000,0x000000cf04e00000] [id=18496]
  0x000002150e5f9f20 WorkerThread "G1 Conc#0" [stack: 0x000000cf04e00000,0x000000cf04f00000] [id=12104]
  0x000002153c8aa880 ConcurrentGCThread "G1 Refine#0" [stack: 0x000000cf04f00000,0x000000cf05000000] [id=18512]
  0x000002153c8ab2c0 ConcurrentGCThread "G1 Service" [stack: 0x000000cf05000000,0x000000cf05100000] [id=19048]

Threads with active compile tasks:

VM state: not at safepoint (normal execution)

VM Mutex/Monitor currently owned by a thread: None

Heap address: 0x000000060a800000, size: 8024 MB, Compressed Oops mode: Zero based, Oop shift amount: 3

CDS archive(s) mapped at: [0x0000000800000000-0x0000000800c40000-0x0000000800c40000), size 12845056, SharedBaseAddress: 0x0000000800000000, ArchiveRelocationMode: 0.
Compressed class space mapped at: 0x0000000801000000-0x0000000841000000, reserved size: 1073741824
Narrow klass base: 0x0000000800000000, Narrow klass shift: 0, Narrow klass range: 0x100000000

GC Precious Log:
 CardTable entry size: 512
 Card Set container configuration: InlinePtr #cards 4 size 8 Array Of Cards #cards 16 size 48 Howl #buckets 8 coarsen threshold 7372 Howl Bitmap #cards 1024 size 144 coarsen threshold 921 Card regions per heap region 1 cards per card region 8192
 CPUs: 16 total, 16 available
 Memory: 32090M
 Large Page Support: Disabled
 NUMA Support: Disabled
 Compressed Oops: Enabled (Zero based)
 Heap Region Size: 4M
 Heap Min Capacity: 8M
 Heap Initial Capacity: 504M
 Heap Max Capacity: 8024M
 Pre-touch: Disabled
 Parallel Workers: 13
 Concurrent Workers: 3
 Concurrent Refinement Workers: 13
 Periodic GC: Disabled

Heap:
 garbage-first heap   total 516096K, used 16384K [0x000000060a800000, 0x0000000800000000)
  region size 4096K, 6 young (24576K), 0 survivors (0K)
 Metaspace       used 6570K, committed 6720K, reserved 1114112K
  class space    used 334K, committed 384K, reserved 1048576K

Heap Regions: E=young(eden), S=young(survivor), O=old, HS=humongous(starts), HC=humongous(continues), CS=collection set, F=free, OA=open archive, CA=closed archive, TAMS=top-at-mark-start (previous, next)
|   0|0x000000060a800000, 0x000000060a800000, 0x000000060ac00000|  0%| F|  |TAMS 0x000000060a800000, 0x000000060a800000| Untracked 
|   1|0x000000060ac00000, 0x000000060ac00000, 0x000000060b000000|  0%| F|  |TAMS 0x000000060ac00000, 0x000000060ac00000| Untracked 
|   2|0x000000060b000000, 0x000000060b000000, 0x000000060b400000|  0%| F|  |TAMS 0x000000060b000000, 0x000000060b000000| Untracked 
|   3|0x000000060b400000, 0x000000060b400000, 0x000000060b800000|  0%| F|  |TAMS 0x000000060b400000, 0x000000060b400000| Untracked 
|   4|0x000000060b800000, 0x000000060b800000, 0x000000060bc00000|  0%| F|  |TAMS 0x000000060b800000, 0x000000060b800000| Untracked 
|   5|0x000000060bc00000, 0x000000060bc00000, 0x000000060c000000|  0%| F|  |TAMS 0x000000060bc00000, 0x000000060bc00000| Untracked 
|   6|0x000000060c000000, 0x000000060c000000, 0x000000060c400000|  0%| F|  |TAMS 0x000000060c000000, 0x000000060c000000| Untracked 
|   7|0x000000060c400000, 0x000000060c400000, 0x000000060c800000|  0%| F|  |TAMS 0x000000060c400000, 0x000000060c400000| Untracked 
|   8|0x000000060c800000, 0x000000060c800000, 0x000000060cc00000|  0%| F|  |TAMS 0x000000060c800000, 0x000000060c800000| Untracked 
|   9|0x000000060cc00000, 0x000000060cc00000, 0x000000060d000000|  0%| F|  |TAMS 0x000000060cc00000, 0x000000060cc00000| Untracked 
|  10|0x000000060d000000, 0x000000060d000000, 0x000000060d400000|  0%| F|  |TAMS 0x000000060d000000, 0x000000060d000000| Untracked 
|  11|0x000000060d400000, 0x000000060d400000, 0x000000060d800000|  0%| F|  |TAMS 0x000000060d400000, 0x000000060d400000| Untracked 
|  12|0x000000060d800000, 0x000000060d800000, 0x000000060dc00000|  0%| F|  |TAMS 0x000000060d800000, 0x000000060d800000| Untracked 
|  13|0x000000060dc00000, 0x000000060dc00000, 0x000000060e000000|  0%| F|  |TAMS 0x000000060dc00000, 0x000000060dc00000| Untracked 
|  14|0x000000060e000000, 0x000000060e000000, 0x000000060e400000|  0%| F|  |TAMS 0x000000060e000000, 0x000000060e000000| Untracked 
|  15|0x000000060e400000, 0x000000060e400000, 0x000000060e800000|  0%| F|  |TAMS 0x000000060e400000, 0x000000060e400000| Untracked 
|  16|0x000000060e800000, 0x000000060e800000, 0x000000060ec00000|  0%| F|  |TAMS 0x000000060e800000, 0x000000060e800000| Untracked 
|  17|0x000000060ec00000, 0x000000060ec00000, 0x000000060f000000|  0%| F|  |TAMS 0x000000060ec00000, 0x000000060ec00000| Untracked 
|  18|0x000000060f000000, 0x000000060f000000, 0x000000060f400000|  0%| F|  |TAMS 0x000000060f000000, 0x000000060f000000| Untracked 
|  19|0x000000060f400000, 0x000000060f400000, 0x000000060f800000|  0%| F|  |TAMS 0x000000060f400000, 0x000000060f400000| Untracked 
|  20|0x000000060f800000, 0x000000060f800000, 0x000000060fc00000|  0%| F|  |TAMS 0x000000060f800000, 0x000000060f800000| Untracked 
|  21|0x000000060fc00000, 0x000000060fc00000, 0x0000000610000000|  0%| F|  |TAMS 0x000000060fc00000, 0x000000060fc00000| Untracked 
|  22|0x0000000610000000, 0x0000000610000000, 0x0000000610400000|  0%| F|  |TAMS 0x0000000610000000, 0x0000000610000000| Untracked 
|  23|0x0000000610400000, 0x0000000610400000, 0x0000000610800000|  0%| F|  |TAMS 0x0000000610400000, 0x0000000610400000| Untracked 
|  24|0x0000000610800000, 0x0000000610800000, 0x0000000610c00000|  0%| F|  |TAMS 0x0000000610800000, 0x0000000610800000| Untracked 
|  25|0x0000000610c00000, 0x0000000610c00000, 0x0000000611000000|  0%| F|  |TAMS 0x0000000610c00000, 0x0000000610c00000| Untracked 
|  26|0x0000000611000000, 0x0000000611000000, 0x0000000611400000|  0%| F|  |TAMS 0x0000000611000000, 0x0000000611000000| Untracked 
|  27|0x0000000611400000, 0x0000000611400000, 0x0000000611800000|  0%| F|  |TAMS 0x0000000611400000, 0x0000000611400000| Untracked 
|  28|0x0000000611800000, 0x0000000611800000, 0x0000000611c00000|  0%| F|  |TAMS 0x0000000611800000, 0x0000000611800000| Untracked 
|  29|0x0000000611c00000, 0x0000000611c00000, 0x0000000612000000|  0%| F|  |TAMS 0x0000000611c00000, 0x0000000611c00000| Untracked 
|  30|0x0000000612000000, 0x0000000612000000, 0x0000000612400000|  0%| F|  |TAMS 0x0000000612000000, 0x0000000612000000| Untracked 
|  31|0x0000000612400000, 0x0000000612400000, 0x0000000612800000|  0%| F|  |TAMS 0x0000000612400000, 0x0000000612400000| Untracked 
|  32|0x0000000612800000, 0x0000000612800000, 0x0000000612c00000|  0%| F|  |TAMS 0x0000000612800000, 0x0000000612800000| Untracked 
|  33|0x0000000612c00000, 0x0000000612c00000, 0x0000000613000000|  0%| F|  |TAMS 0x0000000612c00000, 0x0000000612c00000| Untracked 
|  34|0x0000000613000000, 0x0000000613000000, 0x0000000613400000|  0%| F|  |TAMS 0x0000000613000000, 0x0000000613000000| Untracked 
|  35|0x0000000613400000, 0x0000000613400000, 0x0000000613800000|  0%| F|  |TAMS 0x0000000613400000, 0x0000000613400000| Untracked 
|  36|0x0000000613800000, 0x0000000613800000, 0x0000000613c00000|  0%| F|  |TAMS 0x0000000613800000, 0x0000000613800000| Untracked 
|  37|0x0000000613c00000, 0x0000000613c00000, 0x0000000614000000|  0%| F|  |TAMS 0x0000000613c00000, 0x0000000613c00000| Untracked 
|  38|0x0000000614000000, 0x0000000614000000, 0x0000000614400000|  0%| F|  |TAMS 0x0000000614000000, 0x0000000614000000| Untracked 
|  39|0x0000000614400000, 0x0000000614400000, 0x0000000614800000|  0%| F|  |TAMS 0x0000000614400000, 0x0000000614400000| Untracked 
|  40|0x0000000614800000, 0x0000000614800000, 0x0000000614c00000|  0%| F|  |TAMS 0x0000000614800000, 0x0000000614800000| Untracked 
|  41|0x0000000614c00000, 0x0000000614c00000, 0x0000000615000000|  0%| F|  |TAMS 0x0000000614c00000, 0x0000000614c00000| Untracked 
|  42|0x0000000615000000, 0x0000000615000000, 0x0000000615400000|  0%| F|  |TAMS 0x0000000615000000, 0x0000000615000000| Untracked 
|  43|0x0000000615400000, 0x0000000615400000, 0x0000000615800000|  0%| F|  |TAMS 0x0000000615400000, 0x0000000615400000| Untracked 
|  44|0x0000000615800000, 0x0000000615800000, 0x0000000615c00000|  0%| F|  |TAMS 0x0000000615800000, 0x0000000615800000| Untracked 
|  45|0x0000000615c00000, 0x0000000615c00000, 0x0000000616000000|  0%| F|  |TAMS 0x0000000615c00000, 0x0000000615c00000| Untracked 
|  46|0x0000000616000000, 0x0000000616000000, 0x0000000616400000|  0%| F|  |TAMS 0x0000000616000000, 0x0000000616000000| Untracked 
|  47|0x0000000616400000, 0x0000000616400000, 0x0000000616800000|  0%| F|  |TAMS 0x0000000616400000, 0x0000000616400000| Untracked 
|  48|0x0000000616800000, 0x0000000616800000, 0x0000000616c00000|  0%| F|  |TAMS 0x0000000616800000, 0x0000000616800000| Untracked 
|  49|0x0000000616c00000, 0x0000000616c00000, 0x0000000617000000|  0%| F|  |TAMS 0x0000000616c00000, 0x0000000616c00000| Untracked 
|  50|0x0000000617000000, 0x0000000617000000, 0x0000000617400000|  0%| F|  |TAMS 0x0000000617000000, 0x0000000617000000| Untracked 
|  51|0x0000000617400000, 0x0000000617400000, 0x0000000617800000|  0%| F|  |TAMS 0x0000000617400000, 0x0000000617400000| Untracked 
|  52|0x0000000617800000, 0x0000000617800000, 0x0000000617c00000|  0%| F|  |TAMS 0x0000000617800000, 0x0000000617800000| Untracked 
|  53|0x0000000617c00000, 0x0000000617c00000, 0x0000000618000000|  0%| F|  |TAMS 0x0000000617c00000, 0x0000000617c00000| Untracked 
|  54|0x0000000618000000, 0x0000000618000000, 0x0000000618400000|  0%| F|  |TAMS 0x0000000618000000, 0x0000000618000000| Untracked 
|  55|0x0000000618400000, 0x0000000618400000, 0x0000000618800000|  0%| F|  |TAMS 0x0000000618400000, 0x0000000618400000| Untracked 
|  56|0x0000000618800000, 0x0000000618800000, 0x0000000618c00000|  0%| F|  |TAMS 0x0000000618800000, 0x0000000618800000| Untracked 
|  57|0x0000000618c00000, 0x0000000618c00000, 0x0000000619000000|  0%| F|  |TAMS 0x0000000618c00000, 0x0000000618c00000| Untracked 
|  58|0x0000000619000000, 0x0000000619000000, 0x0000000619400000|  0%| F|  |TAMS 0x0000000619000000, 0x0000000619000000| Untracked 
|  59|0x0000000619400000, 0x0000000619400000, 0x0000000619800000|  0%| F|  |TAMS 0x0000000619400000, 0x0000000619400000| Untracked 
|  60|0x0000000619800000, 0x0000000619800000, 0x0000000619c00000|  0%| F|  |TAMS 0x0000000619800000, 0x0000000619800000| Untracked 
|  61|0x0000000619c00000, 0x0000000619c00000, 0x000000061a000000|  0%| F|  |TAMS 0x0000000619c00000, 0x0000000619c00000| Untracked 
|  62|0x000000061a000000, 0x000000061a000000, 0x000000061a400000|  0%| F|  |TAMS 0x000000061a000000, 0x000000061a000000| Untracked 
|  63|0x000000061a400000, 0x000000061a400000, 0x000000061a800000|  0%| F|  |TAMS 0x000000061a400000, 0x000000061a400000| Untracked 
|  64|0x000000061a800000, 0x000000061a800000, 0x000000061ac00000|  0%| F|  |TAMS 0x000000061a800000, 0x000000061a800000| Untracked 
|  65|0x000000061ac00000, 0x000000061ac00000, 0x000000061b000000|  0%| F|  |TAMS 0x000000061ac00000, 0x000000061ac00000| Untracked 
|  66|0x000000061b000000, 0x000000061b000000, 0x000000061b400000|  0%| F|  |TAMS 0x000000061b000000, 0x000000061b000000| Untracked 
|  67|0x000000061b400000, 0x000000061b400000, 0x000000061b800000|  0%| F|  |TAMS 0x000000061b400000, 0x000000061b400000| Untracked 
|  68|0x000000061b800000, 0x000000061b800000, 0x000000061bc00000|  0%| F|  |TAMS 0x000000061b800000, 0x000000061b800000| Untracked 
|  69|0x000000061bc00000, 0x000000061bc00000, 0x000000061c000000|  0%| F|  |TAMS 0x000000061bc00000, 0x000000061bc00000| Untracked 
|  70|0x000000061c000000, 0x000000061c000000, 0x000000061c400000|  0%| F|  |TAMS 0x000000061c000000, 0x000000061c000000| Untracked 
|  71|0x000000061c400000, 0x000000061c400000, 0x000000061c800000|  0%| F|  |TAMS 0x000000061c400000, 0x000000061c400000| Untracked 
|  72|0x000000061c800000, 0x000000061c800000, 0x000000061cc00000|  0%| F|  |TAMS 0x000000061c800000, 0x000000061c800000| Untracked 
|  73|0x000000061cc00000, 0x000000061cc00000, 0x000000061d000000|  0%| F|  |TAMS 0x000000061cc00000, 0x000000061cc00000| Untracked 
|  74|0x000000061d000000, 0x000000061d000000, 0x000000061d400000|  0%| F|  |TAMS 0x000000061d000000, 0x000000061d000000| Untracked 
|  75|0x000000061d400000, 0x000000061d400000, 0x000000061d800000|  0%| F|  |TAMS 0x000000061d400000, 0x000000061d400000| Untracked 
|  76|0x000000061d800000, 0x000000061d800000, 0x000000061dc00000|  0%| F|  |TAMS 0x000000061d800000, 0x000000061d800000| Untracked 
|  77|0x000000061dc00000, 0x000000061dc00000, 0x000000061e000000|  0%| F|  |TAMS 0x000000061dc00000, 0x000000061dc00000| Untracked 
|  78|0x000000061e000000, 0x000000061e000000, 0x000000061e400000|  0%| F|  |TAMS 0x000000061e000000, 0x000000061e000000| Untracked 
|  79|0x000000061e400000, 0x000000061e400000, 0x000000061e800000|  0%| F|  |TAMS 0x000000061e400000, 0x000000061e400000| Untracked 
|  80|0x000000061e800000, 0x000000061e800000, 0x000000061ec00000|  0%| F|  |TAMS 0x000000061e800000, 0x000000061e800000| Untracked 
|  81|0x000000061ec00000, 0x000000061ec00000, 0x000000061f000000|  0%| F|  |TAMS 0x000000061ec00000, 0x000000061ec00000| Untracked 
|  82|0x000000061f000000, 0x000000061f000000, 0x000000061f400000|  0%| F|  |TAMS 0x000000061f000000, 0x000000061f000000| Untracked 
|  83|0x000000061f400000, 0x000000061f400000, 0x000000061f800000|  0%| F|  |TAMS 0x000000061f400000, 0x000000061f400000| Untracked 
|  84|0x000000061f800000, 0x000000061f800000, 0x000000061fc00000|  0%| F|  |TAMS 0x000000061f800000, 0x000000061f800000| Untracked 
|  85|0x000000061fc00000, 0x000000061fc00000, 0x0000000620000000|  0%| F|  |TAMS 0x000000061fc00000, 0x000000061fc00000| Untracked 
|  86|0x0000000620000000, 0x0000000620000000, 0x0000000620400000|  0%| F|  |TAMS 0x0000000620000000, 0x0000000620000000| Untracked 
|  87|0x0000000620400000, 0x0000000620400000, 0x0000000620800000|  0%| F|  |TAMS 0x0000000620400000, 0x0000000620400000| Untracked 
|  88|0x0000000620800000, 0x0000000620800000, 0x0000000620c00000|  0%| F|  |TAMS 0x0000000620800000, 0x0000000620800000| Untracked 
|  89|0x0000000620c00000, 0x0000000620c00000, 0x0000000621000000|  0%| F|  |TAMS 0x0000000620c00000, 0x0000000620c00000| Untracked 
|  90|0x0000000621000000, 0x0000000621000000, 0x0000000621400000|  0%| F|  |TAMS 0x0000000621000000, 0x0000000621000000| Untracked 
|  91|0x0000000621400000, 0x0000000621400000, 0x0000000621800000|  0%| F|  |TAMS 0x0000000621400000, 0x0000000621400000| Untracked 
|  92|0x0000000621800000, 0x0000000621800000, 0x0000000621c00000|  0%| F|  |TAMS 0x0000000621800000, 0x0000000621800000| Untracked 
|  93|0x0000000621c00000, 0x0000000621c00000, 0x0000000622000000|  0%| F|  |TAMS 0x0000000621c00000, 0x0000000621c00000| Untracked 
|  94|0x0000000622000000, 0x0000000622000000, 0x0000000622400000|  0%| F|  |TAMS 0x0000000622000000, 0x0000000622000000| Untracked 
|  95|0x0000000622400000, 0x0000000622400000, 0x0000000622800000|  0%| F|  |TAMS 0x0000000622400000, 0x0000000622400000| Untracked 
|  96|0x0000000622800000, 0x0000000622800000, 0x0000000622c00000|  0%| F|  |TAMS 0x0000000622800000, 0x0000000622800000| Untracked 
|  97|0x0000000622c00000, 0x0000000622c00000, 0x0000000623000000|  0%| F|  |TAMS 0x0000000622c00000, 0x0000000622c00000| Untracked 
|  98|0x0000000623000000, 0x0000000623000000, 0x0000000623400000|  0%| F|  |TAMS 0x0000000623000000, 0x0000000623000000| Untracked 
|  99|0x0000000623400000, 0x0000000623400000, 0x0000000623800000|  0%| F|  |TAMS 0x0000000623400000, 0x0000000623400000| Untracked 
| 100|0x0000000623800000, 0x0000000623800000, 0x0000000623c00000|  0%| F|  |TAMS 0x0000000623800000, 0x0000000623800000| Untracked 
| 101|0x0000000623c00000, 0x0000000623c00000, 0x0000000624000000|  0%| F|  |TAMS 0x0000000623c00000, 0x0000000623c00000| Untracked 
| 102|0x0000000624000000, 0x0000000624000000, 0x0000000624400000|  0%| F|  |TAMS 0x0000000624000000, 0x0000000624000000| Untracked 
| 103|0x0000000624400000, 0x0000000624400000, 0x0000000624800000|  0%| F|  |TAMS 0x0000000624400000, 0x0000000624400000| Untracked 
| 104|0x0000000624800000, 0x0000000624800000, 0x0000000624c00000|  0%| F|  |TAMS 0x0000000624800000, 0x0000000624800000| Untracked 
| 105|0x0000000624c00000, 0x0000000624c00000, 0x0000000625000000|  0%| F|  |TAMS 0x0000000624c00000, 0x0000000624c00000| Untracked 
| 106|0x0000000625000000, 0x0000000625000000, 0x0000000625400000|  0%| F|  |TAMS 0x0000000625000000, 0x0000000625000000| Untracked 
| 107|0x0000000625400000, 0x0000000625400000, 0x0000000625800000|  0%| F|  |TAMS 0x0000000625400000, 0x0000000625400000| Untracked 
| 108|0x0000000625800000, 0x0000000625800000, 0x0000000625c00000|  0%| F|  |TAMS 0x0000000625800000, 0x0000000625800000| Untracked 
| 109|0x0000000625c00000, 0x0000000625c00000, 0x0000000626000000|  0%| F|  |TAMS 0x0000000625c00000, 0x0000000625c00000| Untracked 
| 110|0x0000000626000000, 0x0000000626000000, 0x0000000626400000|  0%| F|  |TAMS 0x0000000626000000, 0x0000000626000000| Untracked 
| 111|0x0000000626400000, 0x0000000626400000, 0x0000000626800000|  0%| F|  |TAMS 0x0000000626400000, 0x0000000626400000| Untracked 
| 112|0x0000000626800000, 0x0000000626800000, 0x0000000626c00000|  0%| F|  |TAMS 0x0000000626800000, 0x0000000626800000| Untracked 
| 113|0x0000000626c00000, 0x0000000626c00000, 0x0000000627000000|  0%| F|  |TAMS 0x0000000626c00000, 0x0000000626c00000| Untracked 
| 114|0x0000000627000000, 0x0000000627000000, 0x0000000627400000|  0%| F|  |TAMS 0x0000000627000000, 0x0000000627000000| Untracked 
| 115|0x0000000627400000, 0x0000000627400000, 0x0000000627800000|  0%| F|  |TAMS 0x0000000627400000, 0x0000000627400000| Untracked 
| 116|0x0000000627800000, 0x0000000627800000, 0x0000000627c00000|  0%| F|  |TAMS 0x0000000627800000, 0x0000000627800000| Untracked 
| 117|0x0000000627c00000, 0x0000000627c00000, 0x0000000628000000|  0%| F|  |TAMS 0x0000000627c00000, 0x0000000627c00000| Untracked 
| 118|0x0000000628000000, 0x0000000628000000, 0x0000000628400000|  0%| F|  |TAMS 0x0000000628000000, 0x0000000628000000| Untracked 
| 119|0x0000000628400000, 0x0000000628400000, 0x0000000628800000|  0%| F|  |TAMS 0x0000000628400000, 0x0000000628400000| Untracked 
| 120|0x0000000628800000, 0x00000006289ec0d0, 0x0000000628c00000| 48%| E|  |TAMS 0x0000000628800000, 0x0000000628800000| Complete 
| 121|0x0000000628c00000, 0x0000000629000000, 0x0000000629000000|100%| E|CS|TAMS 0x0000000628c00000, 0x0000000628c00000| Complete 
| 122|0x0000000629000000, 0x0000000629400000, 0x0000000629400000|100%| E|  |TAMS 0x0000000629000000, 0x0000000629000000| Complete 
| 123|0x0000000629400000, 0x0000000629800000, 0x0000000629800000|100%| E|CS|TAMS 0x0000000629400000, 0x0000000629400000| Complete 
| 124|0x0000000629800000, 0x0000000629c00000, 0x0000000629c00000|100%| E|CS|TAMS 0x0000000629800000, 0x0000000629800000| Complete 
| 125|0x0000000629c00000, 0x000000062a000000, 0x000000062a000000|100%| E|CS|TAMS 0x0000000629c00000, 0x0000000629c00000| Complete 

Card table byte_map: [0x0000021528c00000,0x0000021529bb0000] _byte_map_base: 0x0000021525bac000

Marking Bits (Prev, Next): (CMBitMap*) 0x000002150e5e8050, (CMBitMap*) 0x000002150e5e8090
 Prev Bits: [0x000002152ab60000, 0x00000215328c0000)
 Next Bits: [0x00000215328c0000, 0x000002153a620000)

Polling page: 0x000002150e600000

Metaspace:

Usage:
  Non-class:      6.09 MB used.
      Class:    334.61 KB used.
       Both:      6.42 MB used.

Virtual space:
  Non-class space:       64.00 MB reserved,       6.19 MB ( 10%) committed,  1 nodes.
      Class space:        1.00 GB reserved,     384.00 KB ( <1%) committed,  1 nodes.
             Both:        1.06 GB reserved,       6.56 MB ( <1%) committed. 

Chunk freelists:
   Non-Class:  3.47 MB
       Class:  3.50 MB
        Both:  6.97 MB

MaxMetaspaceSize: unlimited
CompressedClassSpaceSize: 1.00 GB
Initial GC threshold: 21.00 MB
Current GC threshold: 21.00 MB
CDS: on
MetaspaceReclaimPolicy: balanced
 - commit_granule_bytes: 65536.
 - commit_granule_words: 8192.
 - virtual_space_node_default_size: 8388608.
 - enlarge_chunks_in_place: 1.
 - new_chunks_are_fully_committed: 0.
 - uncommit_free_chunks: 1.
 - use_allocation_guard: 0.


Internal statistics:

num_allocs_failed_limit: 0.
num_arena_births: 58.
num_arena_deaths: 0.
num_vsnodes_births: 2.
num_vsnodes_deaths: 0.
num_space_committed: 103.
num_space_uncommitted: 0.
num_chunks_returned_to_freelist: 0.
num_chunks_taken_from_freelist: 252.
num_chunk_merges: 0.
num_chunk_splits: 178.
num_chunks_enlarged: 146.
num_inconsistent_stats: 0.

CodeHeap 'non-profiled nmethods': size=119168Kb used=329Kb max_used=329Kb free=118838Kb
 bounds [0x000002151f820000, 0x000002151fa90000, 0x0000021526c80000]
CodeHeap 'profiled nmethods': size=119104Kb used=1923Kb max_used=1923Kb free=117180Kb
 bounds [0x0000021517c80000, 0x0000021517ef0000, 0x000002151f0d0000]
CodeHeap 'non-nmethods': size=7488Kb used=3436Kb max_used=3466Kb free=4051Kb
 bounds [0x000002151f0d0000, 0x000002151f440000, 0x000002151f820000]
 total_blobs=2070 nmethods=1043 adapters=935
 compilation: enabled
              stopped_count=0, restarted_count=0
 full_count=0

Compilation events (20 events):
Event: 0.811 Thread 0x0000021545101b00 1034       4       java.lang.ref.SoftReference::get (29 bytes)
Event: 0.812 Thread 0x0000021545101b00 nmethod 1034 0x000002151f86b110 code [0x000002151f86b2a0, 0x000002151f86b3b8]
Event: 0.812 Thread 0x0000021545101b00 1035       4       java.lang.invoke.MethodType::hashCode (53 bytes)
Event: 0.812 Thread 0x000002154180da60 nmethod 1032 0x000002151f86b490 code [0x000002151f86b620, 0x000002151f86b9a8]
Event: 0.812 Thread 0x000002154180da60 1036       4       java.lang.invoke.BoundMethodHandle::<init> (32 bytes)
Event: 0.813 Thread 0x0000021545101b00 nmethod 1035 0x000002151f86bc10 code [0x000002151f86bdc0, 0x000002151f86bfb8]
Event: 0.813 Thread 0x0000021545101b00 1038       4       java.util.ImmutableCollections$List12::get (35 bytes)
Event: 0.814 Thread 0x0000021545101b00 nmethod 1038 0x000002151f86c190 code [0x000002151f86c320, 0x000002151f86c428]
Event: 0.814 Thread 0x0000021545101b00 1043       4       java.util.Arrays::equals (57 bytes)
Event: 0.814 Thread 0x000002154180da60 nmethod 1036 0x000002151f86c510 code [0x000002151f86c6a0, 0x000002151f86caa8]
Event: 0.814 Thread 0x000002154180da60 1039   !   4       java.lang.ref.NativeReferenceQueue::poll (28 bytes)
Event: 0.815 Thread 0x000002154525fa30 1040       4       java.lang.invoke.MethodType::makeImpl (109 bytes)
Event: 0.815 Thread 0x000002154180da60 nmethod 1039 0x000002151f86cd10 code [0x000002151f86cea0, 0x000002151f86cf38]
Event: 0.815 Thread 0x000002154180da60 1041       4       java.lang.invoke.MethodType$ConcurrentWeakInternSet::get (47 bytes)
Event: 0.816 Thread 0x0000021545101b00 nmethod 1043 0x000002151f86d010 code [0x000002151f86d1a0, 0x000002151f86d358]
Event: 0.816 Thread 0x0000021545101b00 1042       4       java.lang.invoke.MethodType::equals (56 bytes)
Event: 0.818 Thread 0x000002154180da60 nmethod 1041 0x000002151f86d510 code [0x000002151f86d6e0, 0x000002151f86dd18]
Event: 0.818 Thread 0x000002154180da60 1037   !   4       java.lang.invoke.MemberName::getFieldType (176 bytes)
Event: 0.819 Thread 0x0000021545101b00 nmethod 1042 0x000002151f86e290 code [0x000002151f86e440, 0x000002151f86e798]
Event: 0.819 Thread 0x000002154180da60 nmethod 1037 0x000002151f86eb10 code [0x000002151f86eca0, 0x000002151f86ed78]

GC Heap History (0 events):
No events

Dll operation events (9 events):
Event: 0.009 Loaded shared library C:\Users\Acer\.jdks\openjdk-19\bin\java.dll
Event: 0.016 Loaded shared library C:\Users\Acer\.jdks\openjdk-19\bin\jsvml.dll
Event: 0.074 Loaded shared library C:\Users\Acer\.jdks\openjdk-19\bin\net.dll
Event: 0.075 Loaded shared library C:\Users\Acer\.jdks\openjdk-19\bin\nio.dll
Event: 0.078 Loaded shared library C:\Users\Acer\.jdks\openjdk-19\bin\zip.dll
Event: 0.120 Loaded shared library C:\Users\Acer\.jdks\openjdk-19\bin\jimage.dll
Event: 0.126 Loaded shared library C:\Users\Acer\AppData\Local\Temp\libgdxAcer\e1cd32f8\gdx64.dll
Event: 0.178 Loaded shared library C:\Users\Acer\AppData\Local\Temp\lwjglAcer\3.2.3-build-13\lwjgl.dll
Event: 0.639 Loaded shared library C:\Users\Acer\AppData\Local\Temp\lwjglAcer\3.2.3-build-13\lwjgl_opengl.dll

Deoptimization events (20 events):
Event: 0.056 Thread 0x000002150e538da0 DEOPT PACKING pc=0x000002151f82165c sp=0x000000cf04bfde30
Event: 0.056 Thread 0x000002150e538da0 DEOPT UNPACKING pc=0x000002151f136da3 sp=0x000000cf04bfdd80 mode 2
Event: 0.097 Thread 0x000002150e538da0 DEOPT PACKING pc=0x0000021517ca02ca sp=0x000000cf04bfa2c0
Event: 0.097 Thread 0x000002150e538da0 DEOPT UNPACKING pc=0x000002151f137543 sp=0x000000cf04bf9780 mode 0
Event: 0.100 Thread 0x000002150e538da0 DEOPT PACKING pc=0x0000021517c99bea sp=0x000000cf04bf87a0
Event: 0.100 Thread 0x000002150e538da0 DEOPT UNPACKING pc=0x000002151f137543 sp=0x000000cf04bf7bc0 mode 0
Event: 0.123 Thread 0x000002150e538da0 Uncommon trap: trap_request=0xffffff45 fr.pc=0x000002151f82b188 relative=0x0000000000000068
Event: 0.123 Thread 0x000002150e538da0 Uncommon trap: reason=unstable_if action=reinterpret pc=0x000002151f82b188 method=java.io.WinNTFileSystem.isSlash(C)Z @ 9 c2
Event: 0.123 Thread 0x000002150e538da0 DEOPT PACKING pc=0x000002151f82b188 sp=0x000000cf04bfe6e0
Event: 0.123 Thread 0x000002150e538da0 DEOPT UNPACKING pc=0x000002151f136da3 sp=0x000000cf04bfe678 mode 2
Event: 0.181 Thread 0x000002150e538da0 Uncommon trap: trap_request=0xffffff45 fr.pc=0x000002151f82d5c0 relative=0x0000000000000040
Event: 0.181 Thread 0x000002150e538da0 Uncommon trap: reason=unstable_if action=reinterpret pc=0x000002151f82d5c0 method=sun.nio.fs.WindowsPathParser.isSlash(C)Z @ 9 c2
Event: 0.181 Thread 0x000002150e538da0 DEOPT PACKING pc=0x000002151f82d5c0 sp=0x000000cf04bfb7b0
Event: 0.181 Thread 0x000002150e538da0 DEOPT UNPACKING pc=0x000002151f136da3 sp=0x000000cf04bfb748 mode 2
Event: 0.208 Thread 0x000002150e538da0 DEOPT PACKING pc=0x0000021517ca93f9 sp=0x000000cf04bfd8d0
Event: 0.208 Thread 0x000002150e538da0 DEOPT UNPACKING pc=0x000002151f137543 sp=0x000000cf04bfcd30 mode 0
Event: 0.317 Thread 0x000002150e538da0 DEOPT PACKING pc=0x0000021517caa7be sp=0x000000cf04bfa960
Event: 0.317 Thread 0x000002150e538da0 DEOPT UNPACKING pc=0x000002151f137543 sp=0x000000cf04bf9dd8 mode 0
Event: 0.724 Thread 0x000002150e538da0 DEOPT PACKING pc=0x0000021517cb5706 sp=0x000000cf04bfd820
Event: 0.724 Thread 0x000002150e538da0 DEOPT UNPACKING pc=0x000002151f137543 sp=0x000000cf04bfcc90 mode 0

Classes loaded (20 events):
Event: 0.312 Loading class java/util/concurrent/RejectedExecutionHandler done
Event: 0.312 Loading class java/util/concurrent/ThreadPoolExecutor$AbortPolicy done
Event: 0.312 Loading class java/util/concurrent/SynchronousQueue$TransferStack
Event: 0.312 Loading class java/util/concurrent/SynchronousQueue$Transferer
Event: 0.312 Loading class java/util/concurrent/SynchronousQueue$Transferer done
Event: 0.312 Loading class java/util/concurrent/SynchronousQueue$TransferStack done
Event: 0.312 Loading class java/util/concurrent/SynchronousQueue$TransferStack$SNode
Event: 0.312 Loading class java/util/concurrent/SynchronousQueue$TransferStack$SNode done
Event: 0.667 Loading class jdk/internal/module/ModulePatcher$PatchedModuleReader
Event: 0.667 Loading class jdk/internal/module/ModulePatcher$PatchedModuleReader done
Event: 0.667 Loading class sun/net/www/protocol/jrt/Handler
Event: 0.667 Loading class sun/net/www/protocol/jrt/Handler done
Event: 0.671 Loading class sun/util/resources/LocaleData$CommonResourceBundleProvider
Event: 0.671 Loading class sun/util/resources/LocaleData$LocaleDataResourceBundleProvider
Event: 0.671 Loading class java/util/spi/ResourceBundleProvider
Event: 0.671 Loading class java/util/spi/ResourceBundleProvider done
Event: 0.671 Loading class sun/util/resources/LocaleData$LocaleDataResourceBundleProvider done
Event: 0.671 Loading class sun/util/resources/LocaleData$CommonResourceBundleProvider done
Event: 0.672 Loading class sun/util/resources/Bundles$2
Event: 0.672 Loading class sun/util/resources/Bundles$2 done

Classes unloaded (0 events):
No events

Classes redefined (0 events):
No events

Internal exceptions (20 events):
Event: 0.154 Thread 0x000002150e538da0 Exception <a 'java/lang/NoSuchMethodError'{0x0000000629ac5a70}: 'void java.lang.invoke.DelegatingMethodHandle$Holder.delegate(java.lang.Object, java.lang.Object, int, java.lang.Object)'> (0x0000000629ac5a70) 
thrown [s\open\src\hotspot\share\interpreter\linkResolver.cpp, line 774]
Event: 0.155 Thread 0x000002150e538da0 Exception <a 'java/lang/NoSuchMethodError'{0x0000000629ac9cc8}: 'int java.lang.invoke.DirectMethodHandle$Holder.invokeSpecial(java.lang.Object, java.lang.Object, java.lang.Object)'> (0x0000000629ac9cc8) 
thrown [s\open\src\hotspot\share\interpreter\linkResolver.cpp, line 774]
Event: 0.159 Thread 0x000002150e538da0 Exception <a 'java/lang/NoSuchMethodError'{0x0000000629ae5ab8}: 'void java.lang.System.loadLibrary(java.lang.String, java.lang.Class)'> (0x0000000629ae5ab8) 
thrown [s\open\src\hotspot\share\interpreter\linkResolver.cpp, line 774]
Event: 0.181 Thread 0x000002150e538da0 Exception <a 'sun/nio/fs/WindowsException'{0x0000000629b45e90}> (0x0000000629b45e90) 
thrown [s\open\src\hotspot\share\prims\jni.cpp, line 517]
Event: 0.182 Thread 0x000002150e538da0 Exception <a 'sun/nio/fs/WindowsException'{0x0000000629b463e0}> (0x0000000629b463e0) 
thrown [s\open\src\hotspot\share\prims\jni.cpp, line 517]
Event: 0.201 Thread 0x000002150e538da0 Exception <a 'sun/nio/fs/WindowsException'{0x0000000629bdcf90}> (0x0000000629bdcf90) 
thrown [s\open\src\hotspot\share\prims\jni.cpp, line 517]
Event: 0.201 Thread 0x000002150e538da0 Exception <a 'sun/nio/fs/WindowsException'{0x0000000629bdd320}> (0x0000000629bdd320) 
thrown [s\open\src\hotspot\share\prims\jni.cpp, line 517]
Event: 0.217 Thread 0x000002150e538da0 Exception <a 'sun/nio/fs/WindowsException'{0x0000000629479b78}> (0x0000000629479b78) 
thrown [s\open\src\hotspot\share\prims\jni.cpp, line 517]
Event: 0.217 Thread 0x000002150e538da0 Exception <a 'sun/nio/fs/WindowsException'{0x0000000629479ed8}> (0x0000000629479ed8) 
thrown [s\open\src\hotspot\share\prims\jni.cpp, line 517]
Event: 0.218 Thread 0x000002150e538da0 Exception <a 'java/lang/NoSuchMethodError'{0x000000062947e520}: 'int java.lang.invoke.Invokers$Holder.invokeExact_MT(java.lang.Object, java.lang.Object)'> (0x000000062947e520) 
thrown [s\open\src\hotspot\share\interpreter\linkResolver.cpp, line 774]
Event: 0.257 Thread 0x000002150e538da0 Exception <a 'sun/nio/fs/WindowsException'{0x00000006294ff458}> (0x00000006294ff458) 
thrown [s\open\src\hotspot\share\prims\jni.cpp, line 517]
Event: 0.257 Thread 0x000002150e538da0 Exception <a 'sun/nio/fs/WindowsException'{0x00000006294ff7d8}> (0x00000006294ff7d8) 
thrown [s\open\src\hotspot\share\prims\jni.cpp, line 517]
Event: 0.299 Thread 0x000002150e538da0 Exception <a 'java/lang/NoSuchMethodError'{0x00000006295d5110}: 'long java.lang.invoke.DelegatingMethodHandle$Holder.reinvoke_L(java.lang.Object, java.lang.Object)'> (0x00000006295d5110) 
thrown [s\open\src\hotspot\share\interpreter\linkResolver.cpp, line 774]
Event: 0.300 Thread 0x000002150e538da0 Exception <a 'java/lang/NoSuchMethodError'{0x00000006295dbb10}: 'long java.lang.invoke.Invokers$Holder.invokeExact_MT(java.lang.Object, java.lang.Object, java.lang.Object)'> (0x00000006295dbb10) 
thrown [s\open\src\hotspot\share\interpreter\linkResolver.cpp, line 774]
Event: 0.634 Thread 0x000002150e538da0 Exception <a 'java/lang/NoSuchMethodError'{0x00000006296b0178}: 'void java.lang.System.load(java.lang.String, java.lang.Class)'> (0x00000006296b0178) 
thrown [s\open\src\hotspot\share\interpreter\linkResolver.cpp, line 774]
Event: 0.635 Thread 0x000002150e538da0 Exception <a 'java/lang/NoSuchMethodError'{0x00000006296b2f80}: 'void java.lang.System.loadLibrary(java.lang.String, java.lang.Class)'> (0x00000006296b2f80) 
thrown [s\open\src\hotspot\share\interpreter\linkResolver.cpp, line 774]
Event: 0.637 Thread 0x000002150e538da0 Exception <a 'sun/nio/fs/WindowsException'{0x00000006296c34b0}> (0x00000006296c34b0) 
thrown [s\open\src\hotspot\share\prims\jni.cpp, line 517]
Event: 0.637 Thread 0x000002150e538da0 Exception <a 'sun/nio/fs/WindowsException'{0x00000006296c3850}> (0x00000006296c3850) 
thrown [s\open\src\hotspot\share\prims\jni.cpp, line 517]
Event: 0.646 Thread 0x000002150e538da0 Exception <a 'sun/nio/fs/WindowsException'{0x00000006296ccf38}> (0x00000006296ccf38) 
thrown [s\open\src\hotspot\share\prims\jni.cpp, line 517]
Event: 0.646 Thread 0x000002150e538da0 Exception <a 'sun/nio/fs/WindowsException'{0x00000006296cd208}> (0x00000006296cd208) 
thrown [s\open\src\hotspot\share\prims\jni.cpp, line 517]

VM Operations (8 events):
Event: 0.060 Executing VM operation: ChangeBreakpoints
Event: 0.060 Executing VM operation: ChangeBreakpoints done
Event: 0.081 Executing VM operation: HandshakeAllThreads
Event: 0.081 Executing VM operation: HandshakeAllThreads done
Event: 0.123 Executing VM operation: HandshakeAllThreads
Event: 0.123 Executing VM operation: HandshakeAllThreads done
Event: 0.153 Executing VM operation: HandshakeAllThreads
Event: 0.153 Executing VM operation: HandshakeAllThreads done

Events (20 events):
Event: 0.027 Thread 0x0000021541808c10 Thread added: 0x0000021541808c10
Event: 0.027 Thread 0x000002154180a9d0 Thread added: 0x000002154180a9d0
Event: 0.027 Thread 0x000002154180b440 Thread added: 0x000002154180b440
Event: 0.027 Thread 0x000002154180beb0 Thread added: 0x000002154180beb0
Event: 0.027 Thread 0x000002154180cb20 Thread added: 0x000002154180cb20
Event: 0.027 Thread 0x000002154180da60 Thread added: 0x000002154180da60
Event: 0.027 Thread 0x0000021541810860 Thread added: 0x0000021541810860
Event: 0.027 Thread 0x0000021541813460 Thread added: 0x0000021541813460
Event: 0.051 Thread 0x000002153c9db4e0 Thread added: 0x000002153c9db4e0
Event: 0.053 Thread 0x0000021541973f20 Thread added: 0x0000021541973f20
Event: 0.059 Thread 0x0000021541997360 Thread added: 0x0000021541997360
Event: 0.060 Thread 0x00000215419aeaa0 Thread added: 0x00000215419aeaa0
Event: 0.060 Thread 0x00000215419b4f90 Thread added: 0x00000215419b4f90
Event: 0.066 Thread 0x00000215419b7430 Thread added: 0x00000215419b7430
Event: 0.069 Thread 0x00000215419bb050 Thread added: 0x00000215419bb050
Event: 0.106 Thread 0x0000021541ae4a00 Thread added: 0x0000021541ae4a00
Event: 0.305 Thread 0x0000021542352b90 Thread added: 0x0000021542352b90
Event: 0.634 Thread 0x0000021541ae4a00 Thread exited: 0x0000021541ae4a00
Event: 0.680 Thread 0x0000021545101b00 Thread added: 0x0000021545101b00
Event: 0.814 Thread 0x000002154525fa30 Thread added: 0x000002154525fa30


Dynamic libraries:
0x00007ff6ccd60000 - 0x00007ff6ccd6e000 	C:\Users\Acer\.jdks\openjdk-19\bin\java.exe
0x00007ffccc3d0000 - 0x00007ffccc5c8000 	C:\Windows\SYSTEM32\ntdll.dll
0x00007ffccb830000 - 0x00007ffccb8ef000 	C:\Windows\System32\KERNEL32.DLL
0x00007ffcca0d0000 - 0x00007ffcca3a2000 	C:\Windows\System32\KERNELBASE.dll
0x00007ffcc9c60000 - 0x00007ffcc9d60000 	C:\Windows\System32\ucrtbase.dll
0x00007ffbe8f60000 - 0x00007ffbe8f77000 	C:\Users\Acer\.jdks\openjdk-19\bin\jli.dll
0x00007ffbe8f40000 - 0x00007ffbe8f5b000 	C:\Users\Acer\.jdks\openjdk-19\bin\VCRUNTIME140.dll
0x00007ffccb690000 - 0x00007ffccb82d000 	C:\Windows\System32\USER32.dll
0x00007ffcca0a0000 - 0x00007ffcca0c2000 	C:\Windows\System32\win32u.dll
0x00007ffcb6710000 - 0x00007ffcb69aa000 	C:\Windows\WinSxS\amd64_microsoft.windows.common-controls_6595b64144ccf1df_6.0.19041.1110_none_60b5254171f9507e\COMCTL32.dll
0x00007ffccbc00000 - 0x00007ffccbc2b000 	C:\Windows\System32\GDI32.dll
0x00007ffccb470000 - 0x00007ffccb50e000 	C:\Windows\System32\msvcrt.dll
0x00007ffcc9ad0000 - 0x00007ffcc9bdf000 	C:\Windows\System32\gdi32full.dll
0x00007ffcc9df0000 - 0x00007ffcc9e8d000 	C:\Windows\System32\msvcp_win.dll
0x00007ffcca480000 - 0x00007ffcca4b2000 	C:\Windows\System32\IMM32.DLL
0x00007ffc097c0000 - 0x00007ffc097cc000 	C:\Users\Acer\.jdks\openjdk-19\bin\vcruntime140_1.dll
0x00007ffbe8eb0000 - 0x00007ffbe8f3e000 	C:\Users\Acer\.jdks\openjdk-19\bin\msvcp140.dll
0x00007ffbe81f0000 - 0x00007ffbe8eb0000 	C:\Users\Acer\.jdks\openjdk-19\bin\server\jvm.dll
0x00007ffccb510000 - 0x00007ffccb5be000 	C:\Windows\System32\ADVAPI32.dll
0x00007ffccadb0000 - 0x00007ffccae4c000 	C:\Windows\System32\sechost.dll
0x00007ffccc150000 - 0x00007ffccc275000 	C:\Windows\System32\RPCRT4.dll
0x00007ffcb02c0000 - 0x00007ffcb02c9000 	C:\Windows\SYSTEM32\WSOCK32.dll
0x00007ffcc0200000 - 0x00007ffcc0227000 	C:\Windows\SYSTEM32\WINMM.dll
0x00007ffccbb90000 - 0x00007ffccbbfb000 	C:\Windows\System32\WS2_32.dll
0x00007ffcc1d30000 - 0x00007ffcc1d3a000 	C:\Windows\SYSTEM32\VERSION.dll
0x00007ffcc8320000 - 0x00007ffcc8332000 	C:\Windows\SYSTEM32\kernel.appcore.dll
0x00007ffc073a0000 - 0x00007ffc073aa000 	C:\Users\Acer\.jdks\openjdk-19\bin\jimage.dll
0x00007ffcc7750000 - 0x00007ffcc7934000 	C:\Windows\SYSTEM32\DBGHELP.DLL
0x00007ffcafdc0000 - 0x00007ffcafdec000 	C:\Windows\SYSTEM32\dbgcore.DLL
0x00007ffcc9d60000 - 0x00007ffcc9de2000 	C:\Windows\System32\bcryptPrimitives.dll
0x00007ffbe9ec0000 - 0x00007ffbe9efc000 	C:\Users\Acer\.jdks\openjdk-19\bin\jdwp.dll
0x00007ffbe81c0000 - 0x00007ffbe81e6000 	C:\Users\Acer\.jdks\openjdk-19\bin\java.dll
0x00007ffbe7fc0000 - 0x00007ffbe8097000 	C:\Users\Acer\.jdks\openjdk-19\bin\jsvml.dll
0x00007ffcca4d0000 - 0x00007ffccac13000 	C:\Windows\System32\SHELL32.dll
0x00007ffcc7b70000 - 0x00007ffcc8302000 	C:\Windows\SYSTEM32\windows.storage.dll
0x00007ffccb110000 - 0x00007ffccb464000 	C:\Windows\System32\combase.dll
0x00007ffcc9530000 - 0x00007ffcc9560000 	C:\Windows\SYSTEM32\Wldp.dll
0x00007ffccc280000 - 0x00007ffccc32d000 	C:\Windows\System32\SHCORE.dll
0x00007ffccb0b0000 - 0x00007ffccb105000 	C:\Windows\System32\shlwapi.dll
0x00007ffcc9a10000 - 0x00007ffcc9a2f000 	C:\Windows\SYSTEM32\profapi.dll
0x00007ffcad8f0000 - 0x00007ffcad8fc000 	C:\Users\Acer\.jdks\openjdk-19\bin\dt_socket.dll
0x00007ffcc8f30000 - 0x00007ffcc8f6b000 	C:\Windows\SYSTEM32\IPHLPAPI.DLL
0x00007ffcc9290000 - 0x00007ffcc92fa000 	C:\Windows\system32\mswsock.dll
0x00007ffbe7d30000 - 0x00007ffbe7d43000 	C:\Users\Acer\.jdks\openjdk-19\bin\net.dll
0x00007ffcc1c20000 - 0x00007ffcc1d2c000 	C:\Windows\SYSTEM32\WINHTTP.dll
0x00007ffbe7d10000 - 0x00007ffbe7d26000 	C:\Users\Acer\.jdks\openjdk-19\bin\nio.dll
0x00007ffbe7cf0000 - 0x00007ffbe7d08000 	C:\Users\Acer\.jdks\openjdk-19\bin\zip.dll
0x000000006e700000 - 0x000000006e72a000 	C:\Users\Acer\AppData\Local\Temp\libgdxAcer\e1cd32f8\gdx64.dll
0x00007ffbe9e50000 - 0x00007ffbe9eb4000 	C:\Users\Acer\AppData\Local\Temp\lwjglAcer\3.2.3-build-13\lwjgl.dll
0x00007ffbe6850000 - 0x00007ffbe6aa3000 	C:\Users\Acer\AppData\Local\Temp\lwjglAcer\3.2.3-build-13\jemalloc.dll
0x00007ffbe9de0000 - 0x00007ffbe9e42000 	C:\Users\Acer\AppData\Local\Temp\lwjglAcer\3.2.3-build-13\glfw.dll
0x00007ffcc6fe0000 - 0x00007ffcc707e000 	C:\Windows\system32\uxtheme.dll
0x00007ffbe9d90000 - 0x00007ffbe9dd5000 	C:\Windows\SYSTEM32\dinput8.dll
0x00007ffc090e0000 - 0x00007ffc090f1000 	C:\Windows\SYSTEM32\xinput1_4.dll
0x00007ffcc9be0000 - 0x00007ffcc9c2e000 	C:\Windows\System32\cfgmgr32.dll
0x00007ffcc9880000 - 0x00007ffcc98ac000 	C:\Windows\SYSTEM32\DEVOBJ.dll
0x00007ffcc71c0000 - 0x00007ffcc71ef000 	C:\Windows\SYSTEM32\dwmapi.dll
0x00007ffcb8700000 - 0x00007ffcb8852000 	C:\Windows\SYSTEM32\inputhost.dll
0x00007ffccb5c0000 - 0x00007ffccb68d000 	C:\Windows\System32\OLEAUT32.dll
0x00007ffcc6bc0000 - 0x00007ffcc6cb2000 	C:\Windows\SYSTEM32\CoreMessaging.dll
0x00007ffcc6190000 - 0x00007ffcc62e4000 	C:\Windows\SYSTEM32\wintypes.dll
0x00007ffcc4e90000 - 0x00007ffcc4f86000 	C:\Windows\SYSTEM32\PROPSYS.dll
0x00007ffcc6860000 - 0x00007ffcc6bbe000 	C:\Windows\SYSTEM32\CoreUIComponents.dll
0x00007ffcc8c60000 - 0x00007ffcc8c93000 	C:\Windows\SYSTEM32\ntmarta.dll
0x00007ffccac90000 - 0x00007ffccada5000 	C:\Windows\System32\MSCTF.dll
0x00007ffcc8310000 - 0x00007ffcc831d000 	C:\Windows\SYSTEM32\HID.DLL
0x00007ffccbce0000 - 0x00007ffccc148000 	C:\Windows\System32\SETUPAPI.DLL
0x00007ffcc9c30000 - 0x00007ffcc9c57000 	C:\Windows\System32\bcrypt.dll
0x00007ffcca3b0000 - 0x00007ffcca41a000 	C:\Windows\System32\WINTRUST.dll
0x00007ffcc9f40000 - 0x00007ffcca096000 	C:\Windows\System32\CRYPT32.dll
0x00007ffcc96c0000 - 0x00007ffcc96d2000 	C:\Windows\SYSTEM32\MSASN1.dll
0x00007ffbe6740000 - 0x00007ffbe684b000 	C:\Users\Acer\AppData\Local\Temp\lwjglAcer\3.2.3-build-13\OpenAL.dll
0x00007ffccb9d0000 - 0x00007ffccbafa000 	C:\Windows\System32\ole32.dll
0x00007ffccb000000 - 0x00007ffccb0af000 	C:\Windows\System32\clbcatq.dll
0x00007ffcc23d0000 - 0x00007ffcc2455000 	C:\Windows\System32\MMDevApi.dll
0x00007ffcc2480000 - 0x00007ffcc2602000 	C:\Windows\SYSTEM32\AUDIOSES.DLL
0x00007ffcc90a0000 - 0x00007ffcc90eb000 	C:\Windows\SYSTEM32\powrprof.dll
0x00007ffcc8f10000 - 0x00007ffcc8f22000 	C:\Windows\SYSTEM32\UMPDC.dll
0x00007ffcc70c0000 - 0x00007ffcc70d4000 	C:\Windows\SYSTEM32\resourcepolicyclient.dll
0x00007ffc84bb0000 - 0x00007ffc84cd5000 	C:\Windows\SYSTEM32\opengl32.dll
0x00007ffc849b0000 - 0x00007ffc849dc000 	C:\Windows\SYSTEM32\GLU32.dll
0x00007ffcc22d0000 - 0x00007ffcc23c7000 	C:\Windows\System32\AppXDeploymentClient.dll
0x00007ffc75a90000 - 0x00007ffc78ab8000 	C:\Windows\System32\DriverStore\FileRepository\nvacig.inf_amd64_f4432b81d5e8ddcf\nvoglv64.dll
0x00007ffcc52b0000 - 0x00007ffcc52c4000 	C:\Windows\SYSTEM32\WTSAPI32.dll
0x00007ffcc94a0000 - 0x00007ffcc94ac000 	C:\Windows\SYSTEM32\CRYPTBASE.DLL
0x00007ffcc0ef0000 - 0x00007ffcc0f21000 	C:\Windows\SYSTEM32\cryptnet.dll
0x00007ffcc0d60000 - 0x00007ffcc0ea8000 	C:\Windows\SYSTEM32\drvstore.dll
0x00007ffcc0230000 - 0x00007ffcc026b000 	C:\Windows\SYSTEM32\dxcore.dll
0x00007ffcc88c0000 - 0x00007ffcc8924000 	C:\Windows\SYSTEM32\WINSTA.dll
0x00007ffcc8390000 - 0x00007ffcc8483000 	C:\Windows\system32\dxgi.dll
0x00007ffcc5500000 - 0x00007ffcc5763000 	C:\Windows\system32\d3d11.dll
0x00007ffca4520000 - 0x00007ffca45d0000 	C:\Windows\System32\DriverStore\FileRepository\nvacig.inf_amd64_f4432b81d5e8ddcf\nvldumdx.dll
0x00007ffccbcc0000 - 0x00007ffccbcdd000 	C:\Windows\System32\imagehlp.dll
0x00007ffcc9480000 - 0x00007ffcc9498000 	C:\Windows\SYSTEM32\CRYPTSP.dll
0x00007ffcc8b40000 - 0x00007ffcc8b74000 	C:\Windows\system32\rsaenh.dll
0x00007ffc4e320000 - 0x00007ffc50c6a000 	C:\Windows\System32\DriverStore\FileRepository\nvacig.inf_amd64_f4432b81d5e8ddcf\nvwgf2umx.dll
0x00007ffcbb610000 - 0x00007ffcbbd79000 	C:\Windows\SYSTEM32\nvapi64.dll
0x00007ffbe7d80000 - 0x00007ffbe7dd9000 	C:\Users\Acer\AppData\Local\Temp\lwjglAcer\3.2.3-build-13\lwjgl_opengl.dll

dbghelp: loaded successfully - version: 4.0.5 - missing functions: none
symbol engine: initialized successfully - sym options: 0x614 - pdb path: .;C:\Users\Acer\.jdks\openjdk-19\bin;C:\Windows\SYSTEM32;C:\Windows\WinSxS\amd64_microsoft.windows.common-controls_6595b64144ccf1df_6.0.19041.1110_none_60b5254171f9507e;C:\Users\Acer\.jdks\openjdk-19\bin\server;C:\Users\Acer\AppData\Local\Temp\libgdxAcer\e1cd32f8;C:\Users\Acer\AppData\Local\Temp\lwjglAcer\3.2.3-build-13;C:\Windows\System32\DriverStore\FileRepository\nvacig.inf_amd64_f4432b81d5e8ddcf

VM Arguments:
jvm_args: -agentlib:jdwp=transport=dt_socket,server=n,suspend=y,address=127.0.0.1:54821 -Dfile.encoding=windows-1250 -Duser.country=SK -Duser.language=sk -Duser.variant 
java_command: sk.uniza.fri.hra.DesktopLauncher
java_class_path (initial): C:\Users\Acer\Downloads\TowerDefense\TowerDefense\desktop\build\classes\java\main;C:\Users\Acer\Downloads\TowerDefense\TowerDefense\desktop\build\resources\main;C:\Users\Acer\.gradle\caches\modules-2\files-2.1\com.badlogicgames.gdx\gdx-backend-lwjgl3\1.10.0\600c7d5b2c977daa82c4abad147087b31e0ada87\gdx-backend-lwjgl3-1.10.0.jar;C:\Users\Acer\.gradle\caches\modules-2\files-2.1\com.badlogicgames.gdx\gdx-platform\1.10.0\9a8fa793d2fd6d360afc6c9e4c1f5583da263b88\gdx-platform-1.10.0-natives-desktop.jar;C:\Users\Acer\Downloads\TowerDefense\TowerDefense\core\build\libs\core-1.0.jar;C:\Users\Acer\.gradle\caches\modules-2\files-2.1\com.badlogicgames.gdx\gdx\1.10.0\74c240f79dc4fb6b766a834249600d0a019d0489\gdx-1.10.0.jar;C:\Users\Acer\.gradle\caches\modules-2\files-2.1\org.lwjgl\lwjgl-glfw\3.2.3\5e520d5c290c8b012545a8d34fa5db5ab051ea53\lwjgl-glfw-3.2.3.jar;C:\Users\Acer\.gradle\caches\modules-2\files-2.1\org.lwjgl\lwjgl-glfw\3.2.3\b4d8a3477cdc2edcf7a5f1e822926be846223f54\lwjgl-glfw-3.2.3-natives-windows.jar;C:\Users\Acer\.gradle\caches\modules-2\files-2.1\org.lwjgl\lwjgl-glfw\3.2.3\795d81329f65679ee6d299373cbea7fffc56b6ed\lwjgl-glfw-3.2.3-natives-windows-x86.jar;C:\Users\Acer\.gradle\caches\modules-2\files-2.1\org.lwjgl\lwjgl-glfw\3.2.3\62b044d9b0a057444bef2ab70b9afc288ec09dba\lwjgl-glfw-3.2.3-natives-linux.jar;C:\Users\Acer\.gradle\caches\modules-2\files-2.1\org.lwjgl\lwjgl-glfw\3.2.3\aab1a5a1e21eca87f4acd5ba055f6bfd5d90951c\lwjgl-glfw-3.2.3-natives-linux-arm32.jar;C:\Users\Acer\.gradle\caches\modules-2\files-2.1\org.lwjgl\lwjgl-glfw\3.2.3\5149002edd12c9a7f62fb053d0ca8ea05a45f83\lwjgl-glfw-3.2.3-natives-linux-arm64.jar;C:\Users\Acer\.gradle\caches\modules-2\files-2.1\org.lwjgl\lwjgl-glfw\3.2.3\58661272eacb9116336c88b4aadccf1f17c09b\lwjgl-glfw-3.2.3-natives-macos.jar;C:\Users\Acer\.gradle\caches\modules-2\files-2.1\org.lwjgl\lwjgl-jemalloc\3.2.3\b6fd0932171ba3f2eaa4547beddca3a3e645342d\lwjgl-jemalloc-3.2.3.jar;C:\Users\Acer\.gradle\caches\modules-2\files-2.1\org.lwjgl\lwjgl-jemalloc\3.2.3\3423fd0d4c7c1916c8f46b2075c4c2df02f22675\lwjgl-jemalloc-3.2.3-natives-windows.jar;C:\Users\Acer\.gradle\caches\modules-2\files-2.1\org.lwjgl\lwjgl-jemalloc\3.2.3\a176b1ca8c29b5986782785dad3295ba4cbfc6e5\lwjgl-jemalloc-3.2.3-natives-windows-x86.jar;C:\Users\Acer\.gradle\caches\modules-2\files-2.1\org.lwjgl\lwjgl-jemalloc\3.2.3\8d2dca364c11781de596fbcdee6782752e318cfb\lwjgl-jemalloc-3.2.3-natives-linux.jar;C:\Users\Acer\.gradle\caches\modules-2\files-2.1\org.lwjgl\lwjgl-jemalloc\3.2.3\d7e5cecbf045b7b7863343273ffea94e0e2f6994\lwjgl-jemalloc-3.2.3-natives-linux-arm32.jar;C:\Users\Acer\.gradle\caches\modules-2\files-2.1\org.lwjgl\lwjgl-jemalloc\3.2.3\bbc0a4672f5589e868ce3883da5a0c0b86e5b6ee\lwjgl-jemalloc-3.2.3-natives-linux-arm64.jar;C:\Users\Acer\.gradle\caches\modules-2\files-2.1\org.lwjgl\lwjgl-jemalloc\3.2.3\d6ffcb4224d3ccd3c31bd80093f71e69a7133a6a\lwjgl-jemalloc-3.2.3-natives-macos.jar;C:\Users\Acer\.gradle\caches\modules-2\files-2.1\org.lwjgl\lwjgl-opengl\3.2.3\bdd534a323d0c8f54969b95e424b6ac8984f7d6e\lwjgl-opengl-3.2.3.jar;C:\Users\Acer\.gradle\caches\modules-2\files-2.1\org.lwjgl\lwjgl-opengl\3.2.3\e81cfc73ec8708e5e791ed770e4ec3edfc1bbab1\lwjgl-opengl-3.2.3-natives-windows.jar;C:\Users\Acer\.gradle\caches\modules-2\files-2.1\org.lwjgl\lwjgl-opengl\3.2.3\ce32c782312e876bdcf3d4efb0d4f66d2936596c\lwjgl-opengl-3.2.3-natives-windows-x86.jar;C:\Users\Acer\.gradle\caches\modules-2\files-2.1\org.lwjgl\lwjgl-opengl\3.2.3\7f14db5da9aa7951efe88993f519d7d38ad6e46b\lwjgl-opengl-3.2.3-natives-linux.jar;C:\Users\Acer\.gradle\caches\modules-2\files-2.1\org.lwjgl\lwjgl-opengl\3.2.3\4925362a5f2412cb6467e6d6c6de26b9e1ccfc71\lwjgl-opengl-3.2.3-natives-linux-arm32.jar;C:\Users\Acer\.gradle\caches\modules-2\files-2.1\org.lwjgl\lwjgl-opengl\3.2.3\aceb5d9ca264beed6d41c87e001632491dae165f\lwjgl-opengl-3.2.3-natives-linux-arm64.jar;C:\Users\Acer\.gradle\caches\modules-2\files-2.1\org.lwjgl\lwjgl-opengl\3.2.3\efa3326c11336d3e74c9c8aeceb2420328d28e6b\lwjgl-opengl-3.2.3-natives-macos.jar;C:\Users\Acer\.gradle\caches\modules-2\files-2.1\org.lwjgl\lwjgl-openal\3.2.3\106742e805803ab9eab8e343f0fb31a3d263903c\lwjgl-openal-3.2.3.jar;C:\Users\Acer\.gradle\caches\modules-2\files-2.1\org.lwjgl\lwjgl-openal\3.2.3\ec898e8ce11b5886f4f532a1536283ef2817758d\lwjgl-openal-3.2.3-natives-windows.jar;C:\Users\Acer\.gradle\caches\modules-2\files-2.1\org.lwjgl\lwjgl-openal\3.2.3\6a5d841a1630aa52917900051008d8251f9dd1f8\lwjgl-openal-3.2.3-natives-windows-x86.jar;C:\Users\Acer\.gradle\caches\modules-2\files-2.1\org.lwjgl\lwjgl-openal\3.2.3\869ddd9dbbf92a7d1be7f5942ca0adbde068d999\lwjgl-openal-3.2.3-natives-linux.jar;C:\Users\Acer\.gradle\caches\modules-2\files-2.1\org.lwjgl\lwjgl-openal\3.2.3\5c30ef08c829252e542f9fbc04772d51013326c5\lwjgl-openal-3.2.3-natives-linux-arm32.jar;C:\Users\Acer\.gradle\caches\modules-2\files-2.1\org.lwjgl\lwjgl-openal\3.2.3\bc72c90b6feaa303ca838b138e1b9f679a66139c\lwjgl-openal-3.2.3-natives-linux-arm64.jar;C:\Users\Acer\.gradle\caches\modules-2\files-2.1\org.lwjgl\lwjgl-openal\3.2.3\67ddd2a090589dfe6c4659d7f8b125b43f7b822b\lwjgl-openal-3.2.3-natives-macos.jar;C:\Users\Acer\.gradle\caches\modules-2\files-2.1\org.lwjgl\lwjgl\3.2.3\17a59ba0fe8d474ec9dbe0d5db40d2cfe59c4c08\lwjgl-3.2.3.jar;C:\Users\Acer\.gradle\caches\modules-2\files-2.1\org.lwjgl\lwjgl\3.2.3\27f32cd35349684745951e04388e8e00d681cdcd\lwjgl-3.2.3-natives-windows.jar;C:\Users\Acer\.gradle\caches\modules-2\files-2.1\org.lwjgl\lwjgl\3.2.3\b311f19999076b41b039f9b050984ac5118ec52b\lwjgl-3.2.3-natives-windows-x86.jar;C:\Users\Acer\.gradle\caches\modules-2\files-2.1\org.lwjgl\lwjgl\3.2.3\3d9d36c93446c7a1c90bc7aec8fa89c7988bf82b\lwjgl-3.2.3-natives-linux.jar;C:\Users\Acer\.gradle\caches\modules-2\files-2.1\org.lwjgl\lwjgl\3.2.3\3180d363040744dfe0c6a0dd5d018cedae476e9a\lwjgl-3.2.3-natives-linux-arm32.jar;C:\Users\Acer\.gradle\caches\modules-2\files-2.1\org.lwjgl\lwjgl\3.2.3\368463bfc8ba25fa68a89a16ee535f0a229e86bc\lwjgl-3.2.3-natives-linux-arm64.jar;C:\Users\Acer\.gradle\caches\modules-2\files-2.1\org.lwjgl\lwjgl\3.2.3\35f506c5d368017a3cc5590da3d6d3a0760fb606\lwjgl-3.2.3-natives-macos.jar;C:\Users\Acer\.gradle\caches\modules-2\files-2.1\com.badlogicgames.jlayer\jlayer\1.0.1-gdx\7cca83cec5c1b2f011362f4d85aabd71a73b049d\jlayer-1.0.1-gdx.jar;C:\Users\Acer\.gradle\caches\modules-2\files-2.1\org.jcraft\jorbis\0.0.17\8872d22b293e8f5d7d56ff92be966e6dc28ebdc6\jorbis-0.0.17.jar
Launcher Type: SUN_STANDARD

[Global flags]
     intx CICompilerCount                          = 12                                        {product} {ergonomic}
     uint ConcGCThreads                            = 3                                         {product} {ergonomic}
     uint G1ConcRefinementThreads                  = 13                                        {product} {ergonomic}
   size_t G1HeapRegionSize                         = 4194304                                   {product} {ergonomic}
    uintx GCDrainStackTargetSize                   = 64                                        {product} {ergonomic}
   size_t InitialHeapSize                          = 528482304                                 {product} {ergonomic}
   size_t MarkStackSize                            = 4194304                                   {product} {ergonomic}
   size_t MaxHeapSize                              = 8413773824                                {product} {ergonomic}
   size_t MaxNewSize                               = 5045747712                                {product} {ergonomic}
   size_t MinHeapDeltaBytes                        = 4194304                                   {product} {ergonomic}
   size_t MinHeapSize                              = 8388608                                   {product} {ergonomic}
    uintx NonNMethodCodeHeapSize                   = 7602480                                {pd product} {ergonomic}
    uintx NonProfiledCodeHeapSize                  = 122027880                              {pd product} {ergonomic}
    uintx ProfiledCodeHeapSize                     = 122027880                              {pd product} {ergonomic}
    uintx ReservedCodeCacheSize                    = 251658240                              {pd product} {ergonomic}
     bool SegmentedCodeCache                       = true                                      {product} {ergonomic}
   size_t SoftMaxHeapSize                          = 8413773824                             {manageable} {ergonomic}
     bool UseCompressedClassPointers               = true                           {product lp64_product} {ergonomic}
     bool UseCompressedOops                        = true                           {product lp64_product} {ergonomic}
     bool UseG1GC                                  = true                                      {product} {ergonomic}
     bool UseLargePagesIndividualAllocation        = false                                  {pd product} {ergonomic}

Logging:
Log output configuration:
 #0: stdout all=warning uptime,level,tags foldmultilines=false
 #1: stderr all=off uptime,level,tags foldmultilines=false

Environment Variables:
PATH=C:\Program Files (x86)\Common Files\Oracle\Java\javapath;C:\Windows\system32;C:\Windows;C:\Windows\System32\Wbem;C:\Windows\System32\WindowsPowerShell\v1.0\;C:\Windows\System32\OpenSSH\;C:\Program Files (x86)\NVIDIA Corporation\PhysX\Common;C:\Program Files\Microsoft SQL Server\150\Tools\Binn\;C:\Program Files\Git\cmd;C:\Program Files\PuTTY\;C:\Program Files\MATLAB\R2022b\bin;C:\Users\Acer\scoop\shims;C:\Users\Acer\AppData\Local\Microsoft\WindowsApps;C:\Users\Acer\AppData\Local\Programs\Microsoft VS Code\bin;C:\Users\Acer\Downloads\chromedriver_win32 (1);C:\Users\Acer\Downloads\edgedriver_win64;C:\Users\Acer\Downloads\geckodriver-v0.32.0-win32;
USERNAME=Acer
OS=Windows_NT
PROCESSOR_IDENTIFIER=AMD64 Family 23 Model 104 Stepping 1, AuthenticAMD
TMP=C:\Users\Acer\AppData\Local\Temp
TEMP=C:\Users\Acer\AppData\Local\Temp



---------------  S Y S T E M  ---------------

OS:
 Windows 10 , 64 bit Build 19041 (10.0.19041.2251)
OS uptime: 0 days 9:30 hours

CPU: total 16 (initial active 16) (16 cores per cpu, 2 threads per core) family 23 model 104 stepping 1 microcode 0x0, cx8, cmov, fxsr, ht, mmx, 3dnowpref, sse, sse2, sse3, ssse3, sse4a, sse4.1, sse4.2, popcnt, lzcnt, tsc, tscinvbit, avx, avx2, aes, clmul, bmi1, bmi2, adx, sha, fma, vzeroupper, clflush, clflushopt, rdtscp, rdpid

Memory: 4k page, system-wide physical 32090M (18171M free)
TotalPageFile size 36954M (AvailPageFile size 15576M)
current process WorkingSet (physical memory assigned to process): 122M, peak: 123M
current process commit charge ("private bytes"): 721M, peak: 722M

vm_info: OpenJDK 64-Bit Server VM (19+36-2238) for windows-amd64 JRE (19+36-2238), built on 2022-08-12T20:29:01Z by "mach5one" with MS VC++ 17.1 (VS2022)

END.
