#
# A fatal error has been detected by the Java Runtime Environment:
#
#  EXCEPTION_ACCESS_VIOLATION (0xc0000005) at pc=0x0000000000000000, pid=7288, tid=12052
#
# JRE version: OpenJDK Runtime Environment (19.0+36) (build 19+36-2238)
# Java VM: OpenJDK 64-Bit Server VM (19+36-2238, mixed mode, sharing, tiered, compressed oops, compressed class ptrs, g1 gc, windows-amd64)
# Problematic frame:
# C  0x0000000000000000
#
# No core dump will be written. Minidumps are not enabled by default on client versions of Windows
#
# If you would like to submit a bug report, please visit:
#   https://bugreport.java.com/bugreport/crash.jsp
# The crash happened outside the Java Virtual Machine in native code.
# See problematic frame for where to report the bug.
#

---------------  S U M M A R Y ------------

Command Line: -agentlib:jdwp=transport=dt_socket,server=n,suspend=y,address=127.0.0.1:49782 -Dfile.encoding=windows-1250 -Duser.country=SK -Duser.language=sk -Duser.variant sk.uniza.fri.hra.DesktopLauncher

Host: AMD Ryzen 7 5700U with Radeon Graphics         , 16 cores, 31G,  Windows 10 , 64 bit Build 19041 (10.0.19041.1889)
Time: Tue Oct 25 19:39:04 2022 Stredoeurópsky 4 bit Build 19041 (10.0.19041.1889) elapsed time: 3.358797 seconds (0d 0h 0m 3s)

---------------  T H R E A D  ---------------

Current thread (0x0000020f18924ba0):  JavaThread "main" [_thread_in_native, id=12052, stack(0x000000f335000000,0x000000f335100000)]

Stack: [0x000000f335000000,0x000000f335100000],  sp=0x000000f3350feab8,  free space=1018k
Native frames: (J=compiled Java code, j=interpreted, Vv=VM code, C=native code)

Java frames: (J=compiled Java code, j=interpreted, Vv=VM code)
j  org.lwjgl.opengl.GL11.glGetString(I)Ljava/lang/String;+1
j  com.badlogic.gdx.backends.lwjgl3.Lwjgl3Application.initiateGL()V+3
j  com.badlogic.gdx.backends.lwjgl3.Lwjgl3Application.createGlfwWindow(Lcom/badlogic/gdx/backends/lwjgl3/Lwjgl3ApplicationConfiguration;J)J+582
j  com.badlogic.gdx.backends.lwjgl3.Lwjgl3Application.createWindow(Lcom/badlogic/gdx/backends/lwjgl3/Lwjgl3Window;Lcom/badlogic/gdx/backends/lwjgl3/Lwjgl3ApplicationConfiguration;J)V+2
j  com.badlogic.gdx.backends.lwjgl3.Lwjgl3Application.createWindow(Lcom/badlogic/gdx/backends/lwjgl3/Lwjgl3ApplicationConfiguration;Lcom/badlogic/gdx/ApplicationListener;J)Lcom/badlogic/gdx/backends/lwjgl3/Lwjgl3Window;+23
j  com.badlogic.gdx.backends.lwjgl3.Lwjgl3Application.<init>(Lcom/badlogic/gdx/ApplicationListener;Lcom/badlogic/gdx/backends/lwjgl3/Lwjgl3ApplicationConfiguration;)V+230
j  sk.uniza.fri.hra.DesktopLauncher.main([Ljava/lang/String;)V+26
v  ~StubRoutines::call_stub 0x0000020f294d100e

siginfo: EXCEPTION_ACCESS_VIOLATION (0xc0000005), data execution prevention violation at address 0x0000000000000000


Registers:
RAX=0x0000020f58640000, RBX=0x0000020f46dca1a0, RCX=0x0000020f18924e80, RDX=0x0000020f46dca1a0
RSP=0x000000f3350feab8, RBP=0x0000000000000002, RSI=0x000000f3350feb60, RDI=0x0000020f18924e80
R8 =0x0000000000010002, R9 =0x0000000000000000, R10=0x00007ff85e0d0000, R11=0x000000f3350fea88
R12=0x0000000000000007, R13=0x0000020f1890f6b0, R14=0x00007ff88f6d0300, R15=0x0000000000000000
RIP=0x0000000000000000, EFLAGS=0x0000000000010202


Register to memory mapping:

RIP=0x0 is NULL
RAX=0x0000020f58640000 points into unknown readable memory: 0x0000000000000000 | 00 00 00 00 00 00 00 00
RBX=0x0000020f46dca1a0 points into unknown readable memory: 0x0000000629c0a4b0 | b0 a4 c0 29 06 00 00 00
RCX=0x0000020f18924e80 points into unknown readable memory: 0x0000020f58640000 | 00 00 64 58 0f 02 00 00
RDX=0x0000020f46dca1a0 points into unknown readable memory: 0x0000000629c0a4b0 | b0 a4 c0 29 06 00 00 00
RSP=0x000000f3350feab8 is pointing into the stack for thread: 0x0000020f18924ba0
RBP=0x0000000000000002 is an unknown value
RSI=0x000000f3350feb60 is pointing into the stack for thread: 0x0000020f18924ba0
RDI=0x0000020f18924e80 points into unknown readable memory: 0x0000020f58640000 | 00 00 64 58 0f 02 00 00
R8 =0x0000000000010002 is an unknown value
R9 =0x0 is NULL
R10=0x00007ff85e0d0000 VCRUNTIME140.dll
R11=0x000000f3350fea88 is pointing into the stack for thread: 0x0000020f18924ba0
R12=0x0000000000000007 is an unknown value
R13=0x0000020f1890f6b0 points into unknown readable memory: 0x00007ff854f98ff0 | f0 8f f9 54 f8 7f 00 00
R14=0x00007ff88f6d0300 jdwp.dll
R15=0x0 is NULL


Top of Stack: (sp=0x000000f3350feab8)
0x000000f3350feab8:   00007ff88f6b5bd1 0000020f46dca1a0
0x000000f3350feac8:   000000f3350feb60 0000000000000000
0x000000f3350fead8:   0000000000000000 00007ff854f7ecd0
0x000000f3350feae8:   0000000000002f14 0000020f46dca1a0
0x000000f3350feaf8:   00007ff88f6d0328 0000000000000000
0x000000f3350feb08:   00007ff88f6b272f 0000020f46dca1a0
0x000000f3350feb18:   0000000000000002 0000020f18924e80
0x000000f3350feb28:   0000020f46dca1a8 000000054c4e0100
0x000000f3350feb38:   00007ff8546c685f 0000000000000000
0x000000f3350feb48:   00007ff854b814b0 000000f3350febb0
0x000000f3350feb58:   00007ff8546ca286 0000000000000007
0x000000f3350feb68:   0000020f46dca1a0 0000000000000000
0x000000f3350feb78:   0000020f46dca1a8 0000000000000000
0x000000f3350feb88:   0000000000000000 0000000000000000
0x000000f3350feb98:   0000000000000000 0000000000000000
0x000000f3350feba8:   0000000000000000 0000000000000000 

Instructions: (pc=0x0000000000000000)
0xffffffffffffff00:   


Stack slot to memory mapping:
stack at sp + 0 slots: 0x00007ff88f6b5bd1 jdwp.dll
stack at sp + 1 slots: 0x0000020f46dca1a0 points into unknown readable memory: 0x0000000629c0a4b0 | b0 a4 c0 29 06 00 00 00
stack at sp + 2 slots: 0x000000f3350feb60 is pointing into the stack for thread: 0x0000020f18924ba0
stack at sp + 3 slots: 0x0 is NULL
stack at sp + 4 slots: 0x0 is NULL
stack at sp + 5 slots: 0x00007ff854f7ecd0 jvm.dll
stack at sp + 6 slots: 0x0000000000002f14 is an unknown value
stack at sp + 7 slots: 0x0000020f46dca1a0 points into unknown readable memory: 0x0000000629c0a4b0 | b0 a4 c0 29 06 00 00 00


---------------  P R O C E S S  ---------------

Threads class SMR info:
_java_thread_list=0x0000020f4f50bad0, length=20, elements={
0x0000020f18924ba0, 0x0000020f4bc07010, 0x0000020f4bc08150, 0x0000020f4bc09b70,
0x0000020f4bc0c4b0, 0x0000020f4bc0cde0, 0x0000020f4bc0f860, 0x0000020f4bc36270,
0x0000020f4bc40c00, 0x0000020f4bc4ad50, 0x0000020f4bd62330, 0x0000020f4bd82cb0,
0x0000020f4bd7f920, 0x0000020f4bd7fe70, 0x0000020f4bda4df0, 0x0000020f4bda54e0,
0x0000020f4f42f3a0, 0x0000020f4f507730, 0x0000020f4f5090f0, 0x0000020f4f50b3b0
}

Java Threads: ( => current thread )
=>0x0000020f18924ba0 JavaThread "main" [_thread_in_native, id=12052, stack(0x000000f335000000,0x000000f335100000)]
  0x0000020f4bc07010 JavaThread "Reference Handler" daemon [_thread_blocked, id=8456, stack(0x000000f335700000,0x000000f335800000)]
  0x0000020f4bc08150 JavaThread "Finalizer" daemon [_thread_blocked, id=3360, stack(0x000000f335800000,0x000000f335900000)]
  0x0000020f4bc09b70 JavaThread "Signal Dispatcher" daemon [_thread_blocked, id=3688, stack(0x000000f335900000,0x000000f335a00000)]
  0x0000020f4bc0c4b0 JavaThread "Attach Listener" daemon [_thread_blocked, id=6880, stack(0x000000f335a00000,0x000000f335b00000)]
  0x0000020f4bc0cde0 JavaThread "Service Thread" daemon [_thread_blocked, id=4504, stack(0x000000f335b00000,0x000000f335c00000)]
  0x0000020f4bc0f860 JavaThread "Monitor Deflation Thread" daemon [_thread_blocked, id=5384, stack(0x000000f335c00000,0x000000f335d00000)]
  0x0000020f4bc36270 JavaThread "C2 CompilerThread0" daemon [_thread_blocked, id=10480, stack(0x000000f335d00000,0x000000f335e00000)]
  0x0000020f4bc40c00 JavaThread "C1 CompilerThread0" daemon [_thread_blocked, id=3732, stack(0x000000f335e00000,0x000000f335f00000)]
  0x0000020f4bc4ad50 JavaThread "Sweeper thread" daemon [_thread_blocked, id=3532, stack(0x000000f335f00000,0x000000f336000000)]
  0x0000020f4bd62330 JavaThread "C1 CompilerThread1" daemon [_thread_blocked, id=5880, stack(0x000000f336000000,0x000000f336100000)]
  0x0000020f4bd82cb0 JavaThread "JDWP Transport Listener: dt_socket" daemon [_thread_blocked, id=3264, stack(0x000000f336200000,0x000000f336300000)]
  0x0000020f4bd7f920 JavaThread "JDWP Event Helper Thread" daemon [_thread_blocked, id=5608, stack(0x000000f336300000,0x000000f336400000)]
  0x0000020f4bd7fe70 JavaThread "JDWP Command Reader" daemon [_thread_in_native, id=5712, stack(0x000000f336400000,0x000000f336500000)]
  0x0000020f4bda4df0 JavaThread "Notification Thread" daemon [_thread_blocked, id=5072, stack(0x000000f336500000,0x000000f336600000)]
  0x0000020f4bda54e0 JavaThread "Common-Cleaner" daemon [_thread_blocked, id=3760, stack(0x000000f336700000,0x000000f336800000)]
  0x0000020f4f42f3a0 JavaThread "C2 CompilerThread1" daemon [_thread_blocked, id=13268, stack(0x000000f336100000,0x000000f336200000)]
  0x0000020f4f507730 JavaThread "C1 CompilerThread2" daemon [_thread_blocked, id=13280, stack(0x000000f336800000,0x000000f336900000)]
  0x0000020f4f5090f0 JavaThread "C1 CompilerThread3" daemon [_thread_blocked, id=13284, stack(0x000000f337600000,0x000000f337700000)]
  0x0000020f4f50b3b0 JavaThread "C2 CompilerThread2" daemon [_thread_blocked, id=13292, stack(0x000000f337700000,0x000000f337800000)]

Other Threads:
  0x0000020f46dc7b80 VMThread "VM Thread" [stack: 0x000000f335600000,0x000000f335700000] [id=6824]
  0x0000020f4bd803c0 WatcherThread "VM Periodic Task Thread" [stack: 0x000000f336600000,0x000000f336700000] [id=11516]
  0x0000020f189d5c40 WorkerThread "GC Thread#0" [stack: 0x000000f335100000,0x000000f335200000] [id=11644]
  0x0000020f189e6800 ConcurrentGCThread "G1 Main Marker" [stack: 0x000000f335200000,0x000000f335300000] [id=3676]
  0x0000020f189e89e0 WorkerThread "G1 Conc#0" [stack: 0x000000f335300000,0x000000f335400000] [id=10864]
  0x0000020f46c82970 ConcurrentGCThread "G1 Refine#0" [stack: 0x000000f335400000,0x000000f335500000] [id=6624]
  0x0000020f46c834b0 ConcurrentGCThread "G1 Service" [stack: 0x000000f335500000,0x000000f335600000] [id=5336]

Threads with active compile tasks:

VM state: not at safepoint (normal execution)

VM Mutex/Monitor currently owned by a thread: None

Heap address: 0x000000060a800000, size: 8024 MB, Compressed Oops mode: Zero based, Oop shift amount: 3

CDS archive(s) mapped at: [0x0000000800000000-0x0000000800c40000-0x0000000800c40000), size 12845056, SharedBaseAddress: 0x0000000800000000, ArchiveRelocationMode: 0.
Compressed class space mapped at: 0x0000000801000000-0x0000000841000000, reserved size: 1073741824
Narrow klass base: 0x0000000800000000, Narrow klass shift: 0, Narrow klass range: 0x100000000

GC Precious Log:
 CardTable entry size: 512
 Card Set container configuration: InlinePtr #cards 4 size 8 Array Of Cards #cards 16 size 48 Howl #buckets 8 coarsen threshold 7372 Howl Bitmap #cards 1024 size 144 coarsen threshold 921 Card regions per heap region 1 cards per card region 8192
 CPUs: 16 total, 16 available
 Memory: 32090M
 Large Page Support: Disabled
 NUMA Support: Disabled
 Compressed Oops: Enabled (Zero based)
 Heap Region Size: 4M
 Heap Min Capacity: 8M
 Heap Initial Capacity: 504M
 Heap Max Capacity: 8024M
 Pre-touch: Disabled
 Parallel Workers: 13
 Concurrent Workers: 3
 Concurrent Refinement Workers: 13
 Periodic GC: Disabled

Heap:
 garbage-first heap   total 516096K, used 20480K [0x000000060a800000, 0x0000000800000000)
  region size 4096K, 6 young (24576K), 0 survivors (0K)
 Metaspace       used 6581K, committed 6720K, reserved 1114112K
  class space    used 334K, committed 384K, reserved 1048576K

Heap Regions: E=young(eden), S=young(survivor), O=old, HS=humongous(starts), HC=humongous(continues), CS=collection set, F=free, OA=open archive, CA=closed archive, TAMS=top-at-mark-start (previous, next)
|   0|0x000000060a800000, 0x000000060a800000, 0x000000060ac00000|  0%| F|  |TAMS 0x000000060a800000, 0x000000060a800000| Untracked 
|   1|0x000000060ac00000, 0x000000060ac00000, 0x000000060b000000|  0%| F|  |TAMS 0x000000060ac00000, 0x000000060ac00000| Untracked 
|   2|0x000000060b000000, 0x000000060b000000, 0x000000060b400000|  0%| F|  |TAMS 0x000000060b000000, 0x000000060b000000| Untracked 
|   3|0x000000060b400000, 0x000000060b400000, 0x000000060b800000|  0%| F|  |TAMS 0x000000060b400000, 0x000000060b400000| Untracked 
|   4|0x000000060b800000, 0x000000060b800000, 0x000000060bc00000|  0%| F|  |TAMS 0x000000060b800000, 0x000000060b800000| Untracked 
|   5|0x000000060bc00000, 0x000000060bc00000, 0x000000060c000000|  0%| F|  |TAMS 0x000000060bc00000, 0x000000060bc00000| Untracked 
|   6|0x000000060c000000, 0x000000060c000000, 0x000000060c400000|  0%| F|  |TAMS 0x000000060c000000, 0x000000060c000000| Untracked 
|   7|0x000000060c400000, 0x000000060c400000, 0x000000060c800000|  0%| F|  |TAMS 0x000000060c400000, 0x000000060c400000| Untracked 
|   8|0x000000060c800000, 0x000000060c800000, 0x000000060cc00000|  0%| F|  |TAMS 0x000000060c800000, 0x000000060c800000| Untracked 
|   9|0x000000060cc00000, 0x000000060cc00000, 0x000000060d000000|  0%| F|  |TAMS 0x000000060cc00000, 0x000000060cc00000| Untracked 
|  10|0x000000060d000000, 0x000000060d000000, 0x000000060d400000|  0%| F|  |TAMS 0x000000060d000000, 0x000000060d000000| Untracked 
|  11|0x000000060d400000, 0x000000060d400000, 0x000000060d800000|  0%| F|  |TAMS 0x000000060d400000, 0x000000060d400000| Untracked 
|  12|0x000000060d800000, 0x000000060d800000, 0x000000060dc00000|  0%| F|  |TAMS 0x000000060d800000, 0x000000060d800000| Untracked 
|  13|0x000000060dc00000, 0x000000060dc00000, 0x000000060e000000|  0%| F|  |TAMS 0x000000060dc00000, 0x000000060dc00000| Untracked 
|  14|0x000000060e000000, 0x000000060e000000, 0x000000060e400000|  0%| F|  |TAMS 0x000000060e000000, 0x000000060e000000| Untracked 
|  15|0x000000060e400000, 0x000000060e400000, 0x000000060e800000|  0%| F|  |TAMS 0x000000060e400000, 0x000000060e400000| Untracked 
|  16|0x000000060e800000, 0x000000060e800000, 0x000000060ec00000|  0%| F|  |TAMS 0x000000060e800000, 0x000000060e800000| Untracked 
|  17|0x000000060ec00000, 0x000000060ec00000, 0x000000060f000000|  0%| F|  |TAMS 0x000000060ec00000, 0x000000060ec00000| Untracked 
|  18|0x000000060f000000, 0x000000060f000000, 0x000000060f400000|  0%| F|  |TAMS 0x000000060f000000, 0x000000060f000000| Untracked 
|  19|0x000000060f400000, 0x000000060f400000, 0x000000060f800000|  0%| F|  |TAMS 0x000000060f400000, 0x000000060f400000| Untracked 
|  20|0x000000060f800000, 0x000000060f800000, 0x000000060fc00000|  0%| F|  |TAMS 0x000000060f800000, 0x000000060f800000| Untracked 
|  21|0x000000060fc00000, 0x000000060fc00000, 0x0000000610000000|  0%| F|  |TAMS 0x000000060fc00000, 0x000000060fc00000| Untracked 
|  22|0x0000000610000000, 0x0000000610000000, 0x0000000610400000|  0%| F|  |TAMS 0x0000000610000000, 0x0000000610000000| Untracked 
|  23|0x0000000610400000, 0x0000000610400000, 0x0000000610800000|  0%| F|  |TAMS 0x0000000610400000, 0x0000000610400000| Untracked 
|  24|0x0000000610800000, 0x0000000610800000, 0x0000000610c00000|  0%| F|  |TAMS 0x0000000610800000, 0x0000000610800000| Untracked 
|  25|0x0000000610c00000, 0x0000000610c00000, 0x0000000611000000|  0%| F|  |TAMS 0x0000000610c00000, 0x0000000610c00000| Untracked 
|  26|0x0000000611000000, 0x0000000611000000, 0x0000000611400000|  0%| F|  |TAMS 0x0000000611000000, 0x0000000611000000| Untracked 
|  27|0x0000000611400000, 0x0000000611400000, 0x0000000611800000|  0%| F|  |TAMS 0x0000000611400000, 0x0000000611400000| Untracked 
|  28|0x0000000611800000, 0x0000000611800000, 0x0000000611c00000|  0%| F|  |TAMS 0x0000000611800000, 0x0000000611800000| Untracked 
|  29|0x0000000611c00000, 0x0000000611c00000, 0x0000000612000000|  0%| F|  |TAMS 0x0000000611c00000, 0x0000000611c00000| Untracked 
|  30|0x0000000612000000, 0x0000000612000000, 0x0000000612400000|  0%| F|  |TAMS 0x0000000612000000, 0x0000000612000000| Untracked 
|  31|0x0000000612400000, 0x0000000612400000, 0x0000000612800000|  0%| F|  |TAMS 0x0000000612400000, 0x0000000612400000| Untracked 
|  32|0x0000000612800000, 0x0000000612800000, 0x0000000612c00000|  0%| F|  |TAMS 0x0000000612800000, 0x0000000612800000| Untracked 
|  33|0x0000000612c00000, 0x0000000612c00000, 0x0000000613000000|  0%| F|  |TAMS 0x0000000612c00000, 0x0000000612c00000| Untracked 
|  34|0x0000000613000000, 0x0000000613000000, 0x0000000613400000|  0%| F|  |TAMS 0x0000000613000000, 0x0000000613000000| Untracked 
|  35|0x0000000613400000, 0x0000000613400000, 0x0000000613800000|  0%| F|  |TAMS 0x0000000613400000, 0x0000000613400000| Untracked 
|  36|0x0000000613800000, 0x0000000613800000, 0x0000000613c00000|  0%| F|  |TAMS 0x0000000613800000, 0x0000000613800000| Untracked 
|  37|0x0000000613c00000, 0x0000000613c00000, 0x0000000614000000|  0%| F|  |TAMS 0x0000000613c00000, 0x0000000613c00000| Untracked 
|  38|0x0000000614000000, 0x0000000614000000, 0x0000000614400000|  0%| F|  |TAMS 0x0000000614000000, 0x0000000614000000| Untracked 
|  39|0x0000000614400000, 0x0000000614400000, 0x0000000614800000|  0%| F|  |TAMS 0x0000000614400000, 0x0000000614400000| Untracked 
|  40|0x0000000614800000, 0x0000000614800000, 0x0000000614c00000|  0%| F|  |TAMS 0x0000000614800000, 0x0000000614800000| Untracked 
|  41|0x0000000614c00000, 0x0000000614c00000, 0x0000000615000000|  0%| F|  |TAMS 0x0000000614c00000, 0x0000000614c00000| Untracked 
|  42|0x0000000615000000, 0x0000000615000000, 0x0000000615400000|  0%| F|  |TAMS 0x0000000615000000, 0x0000000615000000| Untracked 
|  43|0x0000000615400000, 0x0000000615400000, 0x0000000615800000|  0%| F|  |TAMS 0x0000000615400000, 0x0000000615400000| Untracked 
|  44|0x0000000615800000, 0x0000000615800000, 0x0000000615c00000|  0%| F|  |TAMS 0x0000000615800000, 0x0000000615800000| Untracked 
|  45|0x0000000615c00000, 0x0000000615c00000, 0x0000000616000000|  0%| F|  |TAMS 0x0000000615c00000, 0x0000000615c00000| Untracked 
|  46|0x0000000616000000, 0x0000000616000000, 0x0000000616400000|  0%| F|  |TAMS 0x0000000616000000, 0x0000000616000000| Untracked 
|  47|0x0000000616400000, 0x0000000616400000, 0x0000000616800000|  0%| F|  |TAMS 0x0000000616400000, 0x0000000616400000| Untracked 
|  48|0x0000000616800000, 0x0000000616800000, 0x0000000616c00000|  0%| F|  |TAMS 0x0000000616800000, 0x0000000616800000| Untracked 
|  49|0x0000000616c00000, 0x0000000616c00000, 0x0000000617000000|  0%| F|  |TAMS 0x0000000616c00000, 0x0000000616c00000| Untracked 
|  50|0x0000000617000000, 0x0000000617000000, 0x0000000617400000|  0%| F|  |TAMS 0x0000000617000000, 0x0000000617000000| Untracked 
|  51|0x0000000617400000, 0x0000000617400000, 0x0000000617800000|  0%| F|  |TAMS 0x0000000617400000, 0x0000000617400000| Untracked 
|  52|0x0000000617800000, 0x0000000617800000, 0x0000000617c00000|  0%| F|  |TAMS 0x0000000617800000, 0x0000000617800000| Untracked 
|  53|0x0000000617c00000, 0x0000000617c00000, 0x0000000618000000|  0%| F|  |TAMS 0x0000000617c00000, 0x0000000617c00000| Untracked 
|  54|0x0000000618000000, 0x0000000618000000, 0x0000000618400000|  0%| F|  |TAMS 0x0000000618000000, 0x0000000618000000| Untracked 
|  55|0x0000000618400000, 0x0000000618400000, 0x0000000618800000|  0%| F|  |TAMS 0x0000000618400000, 0x0000000618400000| Untracked 
|  56|0x0000000618800000, 0x0000000618800000, 0x0000000618c00000|  0%| F|  |TAMS 0x0000000618800000, 0x0000000618800000| Untracked 
|  57|0x0000000618c00000, 0x0000000618c00000, 0x0000000619000000|  0%| F|  |TAMS 0x0000000618c00000, 0x0000000618c00000| Untracked 
|  58|0x0000000619000000, 0x0000000619000000, 0x0000000619400000|  0%| F|  |TAMS 0x0000000619000000, 0x0000000619000000| Untracked 
|  59|0x0000000619400000, 0x0000000619400000, 0x0000000619800000|  0%| F|  |TAMS 0x0000000619400000, 0x0000000619400000| Untracked 
|  60|0x0000000619800000, 0x0000000619800000, 0x0000000619c00000|  0%| F|  |TAMS 0x0000000619800000, 0x0000000619800000| Untracked 
|  61|0x0000000619c00000, 0x0000000619c00000, 0x000000061a000000|  0%| F|  |TAMS 0x0000000619c00000, 0x0000000619c00000| Untracked 
|  62|0x000000061a000000, 0x000000061a000000, 0x000000061a400000|  0%| F|  |TAMS 0x000000061a000000, 0x000000061a000000| Untracked 
|  63|0x000000061a400000, 0x000000061a400000, 0x000000061a800000|  0%| F|  |TAMS 0x000000061a400000, 0x000000061a400000| Untracked 
|  64|0x000000061a800000, 0x000000061a800000, 0x000000061ac00000|  0%| F|  |TAMS 0x000000061a800000, 0x000000061a800000| Untracked 
|  65|0x000000061ac00000, 0x000000061ac00000, 0x000000061b000000|  0%| F|  |TAMS 0x000000061ac00000, 0x000000061ac00000| Untracked 
|  66|0x000000061b000000, 0x000000061b000000, 0x000000061b400000|  0%| F|  |TAMS 0x000000061b000000, 0x000000061b000000| Untracked 
|  67|0x000000061b400000, 0x000000061b400000, 0x000000061b800000|  0%| F|  |TAMS 0x000000061b400000, 0x000000061b400000| Untracked 
|  68|0x000000061b800000, 0x000000061b800000, 0x000000061bc00000|  0%| F|  |TAMS 0x000000061b800000, 0x000000061b800000| Untracked 
|  69|0x000000061bc00000, 0x000000061bc00000, 0x000000061c000000|  0%| F|  |TAMS 0x000000061bc00000, 0x000000061bc00000| Untracked 
|  70|0x000000061c000000, 0x000000061c000000, 0x000000061c400000|  0%| F|  |TAMS 0x000000061c000000, 0x000000061c000000| Untracked 
|  71|0x000000061c400000, 0x000000061c400000, 0x000000061c800000|  0%| F|  |TAMS 0x000000061c400000, 0x000000061c400000| Untracked 
|  72|0x000000061c800000, 0x000000061c800000, 0x000000061cc00000|  0%| F|  |TAMS 0x000000061c800000, 0x000000061c800000| Untracked 
|  73|0x000000061cc00000, 0x000000061cc00000, 0x000000061d000000|  0%| F|  |TAMS 0x000000061cc00000, 0x000000061cc00000| Untracked 
|  74|0x000000061d000000, 0x000000061d000000, 0x000000061d400000|  0%| F|  |TAMS 0x000000061d000000, 0x000000061d000000| Untracked 
|  75|0x000000061d400000, 0x000000061d400000, 0x000000061d800000|  0%| F|  |TAMS 0x000000061d400000, 0x000000061d400000| Untracked 
|  76|0x000000061d800000, 0x000000061d800000, 0x000000061dc00000|  0%| F|  |TAMS 0x000000061d800000, 0x000000061d800000| Untracked 
|  77|0x000000061dc00000, 0x000000061dc00000, 0x000000061e000000|  0%| F|  |TAMS 0x000000061dc00000, 0x000000061dc00000| Untracked 
|  78|0x000000061e000000, 0x000000061e000000, 0x000000061e400000|  0%| F|  |TAMS 0x000000061e000000, 0x000000061e000000| Untracked 
|  79|0x000000061e400000, 0x000000061e400000, 0x000000061e800000|  0%| F|  |TAMS 0x000000061e400000, 0x000000061e400000| Untracked 
|  80|0x000000061e800000, 0x000000061e800000, 0x000000061ec00000|  0%| F|  |TAMS 0x000000061e800000, 0x000000061e800000| Untracked 
|  81|0x000000061ec00000, 0x000000061ec00000, 0x000000061f000000|  0%| F|  |TAMS 0x000000061ec00000, 0x000000061ec00000| Untracked 
|  82|0x000000061f000000, 0x000000061f000000, 0x000000061f400000|  0%| F|  |TAMS 0x000000061f000000, 0x000000061f000000| Untracked 
|  83|0x000000061f400000, 0x000000061f400000, 0x000000061f800000|  0%| F|  |TAMS 0x000000061f400000, 0x000000061f400000| Untracked 
|  84|0x000000061f800000, 0x000000061f800000, 0x000000061fc00000|  0%| F|  |TAMS 0x000000061f800000, 0x000000061f800000| Untracked 
|  85|0x000000061fc00000, 0x000000061fc00000, 0x0000000620000000|  0%| F|  |TAMS 0x000000061fc00000, 0x000000061fc00000| Untracked 
|  86|0x0000000620000000, 0x0000000620000000, 0x0000000620400000|  0%| F|  |TAMS 0x0000000620000000, 0x0000000620000000| Untracked 
|  87|0x0000000620400000, 0x0000000620400000, 0x0000000620800000|  0%| F|  |TAMS 0x0000000620400000, 0x0000000620400000| Untracked 
|  88|0x0000000620800000, 0x0000000620800000, 0x0000000620c00000|  0%| F|  |TAMS 0x0000000620800000, 0x0000000620800000| Untracked 
|  89|0x0000000620c00000, 0x0000000620c00000, 0x0000000621000000|  0%| F|  |TAMS 0x0000000620c00000, 0x0000000620c00000| Untracked 
|  90|0x0000000621000000, 0x0000000621000000, 0x0000000621400000|  0%| F|  |TAMS 0x0000000621000000, 0x0000000621000000| Untracked 
|  91|0x0000000621400000, 0x0000000621400000, 0x0000000621800000|  0%| F|  |TAMS 0x0000000621400000, 0x0000000621400000| Untracked 
|  92|0x0000000621800000, 0x0000000621800000, 0x0000000621c00000|  0%| F|  |TAMS 0x0000000621800000, 0x0000000621800000| Untracked 
|  93|0x0000000621c00000, 0x0000000621c00000, 0x0000000622000000|  0%| F|  |TAMS 0x0000000621c00000, 0x0000000621c00000| Untracked 
|  94|0x0000000622000000, 0x0000000622000000, 0x0000000622400000|  0%| F|  |TAMS 0x0000000622000000, 0x0000000622000000| Untracked 
|  95|0x0000000622400000, 0x0000000622400000, 0x0000000622800000|  0%| F|  |TAMS 0x0000000622400000, 0x0000000622400000| Untracked 
|  96|0x0000000622800000, 0x0000000622800000, 0x0000000622c00000|  0%| F|  |TAMS 0x0000000622800000, 0x0000000622800000| Untracked 
|  97|0x0000000622c00000, 0x0000000622c00000, 0x0000000623000000|  0%| F|  |TAMS 0x0000000622c00000, 0x0000000622c00000| Untracked 
|  98|0x0000000623000000, 0x0000000623000000, 0x0000000623400000|  0%| F|  |TAMS 0x0000000623000000, 0x0000000623000000| Untracked 
|  99|0x0000000623400000, 0x0000000623400000, 0x0000000623800000|  0%| F|  |TAMS 0x0000000623400000, 0x0000000623400000| Untracked 
| 100|0x0000000623800000, 0x0000000623800000, 0x0000000623c00000|  0%| F|  |TAMS 0x0000000623800000, 0x0000000623800000| Untracked 
| 101|0x0000000623c00000, 0x0000000623c00000, 0x0000000624000000|  0%| F|  |TAMS 0x0000000623c00000, 0x0000000623c00000| Untracked 
| 102|0x0000000624000000, 0x0000000624000000, 0x0000000624400000|  0%| F|  |TAMS 0x0000000624000000, 0x0000000624000000| Untracked 
| 103|0x0000000624400000, 0x0000000624400000, 0x0000000624800000|  0%| F|  |TAMS 0x0000000624400000, 0x0000000624400000| Untracked 
| 104|0x0000000624800000, 0x0000000624800000, 0x0000000624c00000|  0%| F|  |TAMS 0x0000000624800000, 0x0000000624800000| Untracked 
| 105|0x0000000624c00000, 0x0000000624c00000, 0x0000000625000000|  0%| F|  |TAMS 0x0000000624c00000, 0x0000000624c00000| Untracked 
| 106|0x0000000625000000, 0x0000000625000000, 0x0000000625400000|  0%| F|  |TAMS 0x0000000625000000, 0x0000000625000000| Untracked 
| 107|0x0000000625400000, 0x0000000625400000, 0x0000000625800000|  0%| F|  |TAMS 0x0000000625400000, 0x0000000625400000| Untracked 
| 108|0x0000000625800000, 0x0000000625800000, 0x0000000625c00000|  0%| F|  |TAMS 0x0000000625800000, 0x0000000625800000| Untracked 
| 109|0x0000000625c00000, 0x0000000625c00000, 0x0000000626000000|  0%| F|  |TAMS 0x0000000625c00000, 0x0000000625c00000| Untracked 
| 110|0x0000000626000000, 0x0000000626000000, 0x0000000626400000|  0%| F|  |TAMS 0x0000000626000000, 0x0000000626000000| Untracked 
| 111|0x0000000626400000, 0x0000000626400000, 0x0000000626800000|  0%| F|  |TAMS 0x0000000626400000, 0x0000000626400000| Untracked 
| 112|0x0000000626800000, 0x0000000626800000, 0x0000000626c00000|  0%| F|  |TAMS 0x0000000626800000, 0x0000000626800000| Untracked 
| 113|0x0000000626c00000, 0x0000000626c00000, 0x0000000627000000|  0%| F|  |TAMS 0x0000000626c00000, 0x0000000626c00000| Untracked 
| 114|0x0000000627000000, 0x0000000627000000, 0x0000000627400000|  0%| F|  |TAMS 0x0000000627000000, 0x0000000627000000| Untracked 
| 115|0x0000000627400000, 0x0000000627400000, 0x0000000627800000|  0%| F|  |TAMS 0x0000000627400000, 0x0000000627400000| Untracked 
| 116|0x0000000627800000, 0x0000000627800000, 0x0000000627c00000|  0%| F|  |TAMS 0x0000000627800000, 0x0000000627800000| Untracked 
| 117|0x0000000627c00000, 0x0000000627c00000, 0x0000000628000000|  0%| F|  |TAMS 0x0000000627c00000, 0x0000000627c00000| Untracked 
| 118|0x0000000628000000, 0x0000000628000000, 0x0000000628400000|  0%| F|  |TAMS 0x0000000628000000, 0x0000000628000000| Untracked 
| 119|0x0000000628400000, 0x0000000628400000, 0x0000000628800000|  0%| F|  |TAMS 0x0000000628400000, 0x0000000628400000| Untracked 
| 120|0x0000000628800000, 0x0000000628971290, 0x0000000628c00000| 36%| E|  |TAMS 0x0000000628800000, 0x0000000628800000| Complete 
| 121|0x0000000628c00000, 0x0000000629000000, 0x0000000629000000|100%| E|CS|TAMS 0x0000000628c00000, 0x0000000628c00000| Complete 
| 122|0x0000000629000000, 0x0000000629400000, 0x0000000629400000|100%| E|CS|TAMS 0x0000000629000000, 0x0000000629000000| Complete 
| 123|0x0000000629400000, 0x0000000629800000, 0x0000000629800000|100%| E|CS|TAMS 0x0000000629400000, 0x0000000629400000| Complete 
| 124|0x0000000629800000, 0x0000000629c00000, 0x0000000629c00000|100%| E|CS|TAMS 0x0000000629800000, 0x0000000629800000| Complete 
| 125|0x0000000629c00000, 0x000000062a000000, 0x000000062a000000|100%| E|CS|TAMS 0x0000000629c00000, 0x0000000629c00000| Complete 

Card table byte_map: [0x0000020f32fe0000,0x0000020f33f90000] _byte_map_base: 0x0000020f2ff8c000

Marking Bits (Prev, Next): (CMBitMap*) 0x0000020f189d6270, (CMBitMap*) 0x0000020f189d62b0
 Prev Bits: [0x0000020f34f40000, 0x0000020f3cca0000)
 Next Bits: [0x0000020f3cca0000, 0x0000020f44a00000)

Polling page: 0x0000020f189f0000

Metaspace:

Usage:
  Non-class:      6.10 MB used.
      Class:    334.61 KB used.
       Both:      6.43 MB used.

Virtual space:
  Non-class space:       64.00 MB reserved,       6.19 MB ( 10%) committed,  1 nodes.
      Class space:        1.00 GB reserved,     384.00 KB ( <1%) committed,  1 nodes.
             Both:        1.06 GB reserved,       6.56 MB ( <1%) committed. 

Chunk freelists:
   Non-Class:  3.47 MB
       Class:  3.50 MB
        Both:  6.97 MB

MaxMetaspaceSize: unlimited
CompressedClassSpaceSize: 1.00 GB
Initial GC threshold: 21.00 MB
Current GC threshold: 21.00 MB
CDS: on
MetaspaceReclaimPolicy: balanced
 - commit_granule_bytes: 65536.
 - commit_granule_words: 8192.
 - virtual_space_node_default_size: 8388608.
 - enlarge_chunks_in_place: 1.
 - new_chunks_are_fully_committed: 0.
 - uncommit_free_chunks: 1.
 - use_allocation_guard: 0.


Internal statistics:

num_allocs_failed_limit: 0.
num_arena_births: 58.
num_arena_deaths: 0.
num_vsnodes_births: 2.
num_vsnodes_deaths: 0.
num_space_committed: 103.
num_space_uncommitted: 0.
num_chunks_returned_to_freelist: 0.
num_chunks_taken_from_freelist: 252.
num_chunk_merges: 0.
num_chunk_splits: 178.
num_chunks_enlarged: 146.
num_inconsistent_stats: 0.

CodeHeap 'non-profiled nmethods': size=119168Kb used=323Kb max_used=323Kb free=118844Kb
 bounds [0x0000020f29c20000, 0x0000020f29e90000, 0x0000020f31080000]
CodeHeap 'profiled nmethods': size=119104Kb used=1928Kb max_used=1928Kb free=117175Kb
 bounds [0x0000020f22080000, 0x0000020f222f0000, 0x0000020f294d0000]
CodeHeap 'non-nmethods': size=7488Kb used=3435Kb max_used=3463Kb free=4052Kb
 bounds [0x0000020f294d0000, 0x0000020f298b0000, 0x0000020f29c20000]
 total_blobs=2074 nmethods=1047 adapters=935
 compilation: enabled
              stopped_count=0, restarted_count=0
 full_count=0

Compilation events (20 events):
Event: 3.323 Thread 0x0000020f4f42f3a0 1038       4       java.lang.ref.SoftReference::get (29 bytes)
Event: 3.324 Thread 0x0000020f4bc36270 nmethod 1036 0x0000020f29c69810 code [0x0000020f29c699a0, 0x0000020f29c69d28]
Event: 3.324 Thread 0x0000020f4f42f3a0 nmethod 1038 0x0000020f29c69f90 code [0x0000020f29c6a120, 0x0000020f29c6a238]
Event: 3.324 Thread 0x0000020f4bc36270 1039       4       java.lang.invoke.BoundMethodHandle::<init> (32 bytes)
Event: 3.324 Thread 0x0000020f4f42f3a0 1040   !   4       java.lang.invoke.MemberName::getFieldType (176 bytes)
Event: 3.325 Thread 0x0000020f4f42f3a0 nmethod 1040 0x0000020f29c6a310 code [0x0000020f29c6a4a0, 0x0000020f29c6a578]
Event: 3.325 Thread 0x0000020f4f42f3a0 1041       4       java.lang.invoke.MethodType::equals (56 bytes)
Event: 3.329 Thread 0x0000020f4bc36270 nmethod 1039 0x0000020f29c6a690 code [0x0000020f29c6a820, 0x0000020f29c6ac28]
Event: 3.329 Thread 0x0000020f4bc36270 1043       4       java.lang.invoke.MethodType::hashCode (53 bytes)
Event: 3.330 Thread 0x0000020f4f50b3b0 1047       4       java.util.Arrays::equals (57 bytes)
Event: 3.330 Thread 0x0000020f4f42f3a0 nmethod 1041 0x0000020f29c6ae90 code [0x0000020f29c6b040, 0x0000020f29c6b398]
Event: 3.330 Thread 0x0000020f4f42f3a0 1042       4       java.util.ImmutableCollections$List12::get (35 bytes)
Event: 3.331 Thread 0x0000020f4f42f3a0 nmethod 1042 0x0000020f29c6b710 code [0x0000020f29c6b8a0, 0x0000020f29c6b9a8]
Event: 3.331 Thread 0x0000020f4f42f3a0 1044   !   4       java.lang.ref.NativeReferenceQueue::poll (28 bytes)
Event: 3.332 Thread 0x0000020f4f42f3a0 nmethod 1044 0x0000020f29c6ba90 code [0x0000020f29c6bc20, 0x0000020f29c6bcb8]
Event: 3.332 Thread 0x0000020f4f42f3a0 1045       4       java.lang.invoke.MethodType::makeImpl (109 bytes)
Event: 3.332 Thread 0x0000020f4bc36270 nmethod 1043 0x0000020f29c6bd90 code [0x0000020f29c6bf40, 0x0000020f29c6c138]
Event: 3.332 Thread 0x0000020f4bc36270 1046       4       java.lang.invoke.MethodType$ConcurrentWeakInternSet::get (47 bytes)
Event: 3.333 Thread 0x0000020f4f50b3b0 nmethod 1047 0x0000020f29c6c310 code [0x0000020f29c6c4a0, 0x0000020f29c6c638]
Event: 3.341 Thread 0x0000020f4bc36270 nmethod 1046 0x0000020f29c6c810 code [0x0000020f29c6c9e0, 0x0000020f29c6d018]

GC Heap History (0 events):
No events

Dll operation events (9 events):
Event: 0.033 Loaded shared library C:\Users\Acer\.jdks\openjdk-19\bin\java.dll
Event: 0.046 Loaded shared library C:\Users\Acer\.jdks\openjdk-19\bin\jsvml.dll
Event: 0.182 Loaded shared library C:\Users\Acer\.jdks\openjdk-19\bin\net.dll
Event: 0.184 Loaded shared library C:\Users\Acer\.jdks\openjdk-19\bin\nio.dll
Event: 0.201 Loaded shared library C:\Users\Acer\.jdks\openjdk-19\bin\zip.dll
Event: 0.909 Loaded shared library C:\Users\Acer\.jdks\openjdk-19\bin\jimage.dll
Event: 0.972 Loaded shared library C:\Users\Acer\AppData\Local\Temp\libgdxAcer\e1cd32f8\gdx64.dll
Event: 1.236 Loaded shared library C:\Users\Acer\AppData\Local\Temp\lwjglAcer\3.2.3-build-13\lwjgl.dll
Event: 2.966 Loaded shared library C:\Users\Acer\AppData\Local\Temp\lwjglAcer\3.2.3-build-13\lwjgl_opengl.dll

Deoptimization events (20 events):
Event: 0.122 Thread 0x0000020f18924ba0 DEOPT PACKING pc=0x0000020f29c2165c sp=0x000000f3350fe500
Event: 0.122 Thread 0x0000020f18924ba0 DEOPT UNPACKING pc=0x0000020f29536da3 sp=0x000000f3350fe450 mode 2
Event: 0.287 Thread 0x0000020f18924ba0 DEOPT PACKING pc=0x0000020f220a0c4a sp=0x000000f3350fa990
Event: 0.287 Thread 0x0000020f18924ba0 DEOPT UNPACKING pc=0x0000020f29537543 sp=0x000000f3350f9e50 mode 0
Event: 0.328 Thread 0x0000020f18924ba0 DEOPT PACKING pc=0x0000020f2209926a sp=0x000000f3350f8e70
Event: 0.328 Thread 0x0000020f18924ba0 DEOPT UNPACKING pc=0x0000020f29537543 sp=0x000000f3350f8290 mode 0
Event: 0.918 Thread 0x0000020f18924ba0 Uncommon trap: trap_request=0xffffff45 fr.pc=0x0000020f29c2b188 relative=0x0000000000000068
Event: 0.918 Thread 0x0000020f18924ba0 Uncommon trap: reason=unstable_if action=reinterpret pc=0x0000020f29c2b188 method=java.io.WinNTFileSystem.isSlash(C)Z @ 9 c2
Event: 0.918 Thread 0x0000020f18924ba0 DEOPT PACKING pc=0x0000020f29c2b188 sp=0x000000f3350fedb0
Event: 0.918 Thread 0x0000020f18924ba0 DEOPT UNPACKING pc=0x0000020f29536da3 sp=0x000000f3350fed48 mode 2
Event: 1.243 Thread 0x0000020f18924ba0 Uncommon trap: trap_request=0xffffff45 fr.pc=0x0000020f29c2d0c0 relative=0x0000000000000040
Event: 1.243 Thread 0x0000020f18924ba0 Uncommon trap: reason=unstable_if action=reinterpret pc=0x0000020f29c2d0c0 method=sun.nio.fs.WindowsPathParser.isSlash(C)Z @ 9 c2
Event: 1.243 Thread 0x0000020f18924ba0 DEOPT PACKING pc=0x0000020f29c2d0c0 sp=0x000000f3350fbe80
Event: 1.244 Thread 0x0000020f18924ba0 DEOPT UNPACKING pc=0x0000020f29536da3 sp=0x000000f3350fbe18 mode 2
Event: 1.477 Thread 0x0000020f18924ba0 DEOPT PACKING pc=0x0000020f220a9d79 sp=0x000000f3350fdfa0
Event: 1.477 Thread 0x0000020f18924ba0 DEOPT UNPACKING pc=0x0000020f29537543 sp=0x000000f3350fd400 mode 0
Event: 2.292 Thread 0x0000020f18924ba0 DEOPT PACKING pc=0x0000020f220ab13e sp=0x000000f3350fb030
Event: 2.292 Thread 0x0000020f18924ba0 DEOPT UNPACKING pc=0x0000020f29537543 sp=0x000000f3350fa4a8 mode 0
Event: 3.142 Thread 0x0000020f18924ba0 DEOPT PACKING pc=0x0000020f220b6086 sp=0x000000f3350fdef0
Event: 3.142 Thread 0x0000020f18924ba0 DEOPT UNPACKING pc=0x0000020f29537543 sp=0x000000f3350fd360 mode 0

Classes loaded (20 events):
Event: 2.279 Loading class java/util/concurrent/RejectedExecutionHandler done
Event: 2.279 Loading class java/util/concurrent/ThreadPoolExecutor$AbortPolicy done
Event: 2.280 Loading class java/util/concurrent/SynchronousQueue$TransferStack
Event: 2.280 Loading class java/util/concurrent/SynchronousQueue$Transferer
Event: 2.280 Loading class java/util/concurrent/SynchronousQueue$Transferer done
Event: 2.280 Loading class java/util/concurrent/SynchronousQueue$TransferStack done
Event: 2.280 Loading class java/util/concurrent/SynchronousQueue$TransferStack$SNode
Event: 2.280 Loading class java/util/concurrent/SynchronousQueue$TransferStack$SNode done
Event: 3.018 Loading class jdk/internal/module/ModulePatcher$PatchedModuleReader
Event: 3.018 Loading class jdk/internal/module/ModulePatcher$PatchedModuleReader done
Event: 3.018 Loading class sun/net/www/protocol/jrt/Handler
Event: 3.018 Loading class sun/net/www/protocol/jrt/Handler done
Event: 3.027 Loading class sun/util/resources/LocaleData$CommonResourceBundleProvider
Event: 3.027 Loading class sun/util/resources/LocaleData$LocaleDataResourceBundleProvider
Event: 3.027 Loading class java/util/spi/ResourceBundleProvider
Event: 3.027 Loading class java/util/spi/ResourceBundleProvider done
Event: 3.027 Loading class sun/util/resources/LocaleData$LocaleDataResourceBundleProvider done
Event: 3.027 Loading class sun/util/resources/LocaleData$CommonResourceBundleProvider done
Event: 3.029 Loading class sun/util/resources/Bundles$2
Event: 3.029 Loading class sun/util/resources/Bundles$2 done

Classes unloaded (0 events):
No events

Classes redefined (0 events):
No events

Internal exceptions (20 events):
Event: 1.081 Thread 0x0000020f18924ba0 Exception <a 'java/lang/NoSuchMethodError'{0x0000000629ac5aa0}: 'void java.lang.invoke.DelegatingMethodHandle$Holder.delegate(java.lang.Object, java.lang.Object, int, java.lang.Object)'> (0x0000000629ac5aa0) 
thrown [s\open\src\hotspot\share\interpreter\linkResolver.cpp, line 774]
Event: 1.083 Thread 0x0000020f18924ba0 Exception <a 'java/lang/NoSuchMethodError'{0x0000000629ac9cf8}: 'int java.lang.invoke.DirectMethodHandle$Holder.invokeSpecial(java.lang.Object, java.lang.Object, java.lang.Object)'> (0x0000000629ac9cf8) 
thrown [s\open\src\hotspot\share\interpreter\linkResolver.cpp, line 774]
Event: 1.096 Thread 0x0000020f18924ba0 Exception <a 'java/lang/NoSuchMethodError'{0x0000000629ae5a80}: 'void java.lang.System.loadLibrary(java.lang.String, java.lang.Class)'> (0x0000000629ae5a80) 
thrown [s\open\src\hotspot\share\interpreter\linkResolver.cpp, line 774]
Event: 1.244 Thread 0x0000020f18924ba0 Exception <a 'sun/nio/fs/WindowsException'{0x0000000629b45dd0}> (0x0000000629b45dd0) 
thrown [s\open\src\hotspot\share\prims\jni.cpp, line 517]
Event: 1.245 Thread 0x0000020f18924ba0 Exception <a 'sun/nio/fs/WindowsException'{0x0000000629b46320}> (0x0000000629b46320) 
thrown [s\open\src\hotspot\share\prims\jni.cpp, line 517]
Event: 1.460 Thread 0x0000020f18924ba0 Exception <a 'sun/nio/fs/WindowsException'{0x0000000629bdcec8}> (0x0000000629bdcec8) 
thrown [s\open\src\hotspot\share\prims\jni.cpp, line 517]
Event: 1.460 Thread 0x0000020f18924ba0 Exception <a 'sun/nio/fs/WindowsException'{0x0000000629bdd258}> (0x0000000629bdd258) 
thrown [s\open\src\hotspot\share\prims\jni.cpp, line 517]
Event: 1.533 Thread 0x0000020f18924ba0 Exception <a 'sun/nio/fs/WindowsException'{0x0000000629479b78}> (0x0000000629479b78) 
thrown [s\open\src\hotspot\share\prims\jni.cpp, line 517]
Event: 1.533 Thread 0x0000020f18924ba0 Exception <a 'sun/nio/fs/WindowsException'{0x0000000629479ed8}> (0x0000000629479ed8) 
thrown [s\open\src\hotspot\share\prims\jni.cpp, line 517]
Event: 1.537 Thread 0x0000020f18924ba0 Exception <a 'java/lang/NoSuchMethodError'{0x000000062947e520}: 'int java.lang.invoke.Invokers$Holder.invokeExact_MT(java.lang.Object, java.lang.Object)'> (0x000000062947e520) 
thrown [s\open\src\hotspot\share\interpreter\linkResolver.cpp, line 774]
Event: 1.698 Thread 0x0000020f18924ba0 Exception <a 'sun/nio/fs/WindowsException'{0x00000006294ff458}> (0x00000006294ff458) 
thrown [s\open\src\hotspot\share\prims\jni.cpp, line 517]
Event: 1.698 Thread 0x0000020f18924ba0 Exception <a 'sun/nio/fs/WindowsException'{0x00000006294ff7d8}> (0x00000006294ff7d8) 
thrown [s\open\src\hotspot\share\prims\jni.cpp, line 517]
Event: 2.250 Thread 0x0000020f18924ba0 Exception <a 'java/lang/NoSuchMethodError'{0x00000006295d4ef8}: 'long java.lang.invoke.DelegatingMethodHandle$Holder.reinvoke_L(java.lang.Object, java.lang.Object)'> (0x00000006295d4ef8) 
thrown [s\open\src\hotspot\share\interpreter\linkResolver.cpp, line 774]
Event: 2.252 Thread 0x0000020f18924ba0 Exception <a 'java/lang/NoSuchMethodError'{0x00000006295db8f8}: 'long java.lang.invoke.Invokers$Holder.invokeExact_MT(java.lang.Object, java.lang.Object, java.lang.Object)'> (0x00000006295db8f8) 
thrown [s\open\src\hotspot\share\interpreter\linkResolver.cpp, line 774]
Event: 2.912 Thread 0x0000020f18924ba0 Exception <a 'java/lang/NoSuchMethodError'{0x00000006296b0b88}: 'void java.lang.System.load(java.lang.String, java.lang.Class)'> (0x00000006296b0b88) 
thrown [s\open\src\hotspot\share\interpreter\linkResolver.cpp, line 774]
Event: 2.913 Thread 0x0000020f18924ba0 Exception <a 'java/lang/NoSuchMethodError'{0x00000006296b3990}: 'void java.lang.System.loadLibrary(java.lang.String, java.lang.Class)'> (0x00000006296b3990) 
thrown [s\open\src\hotspot\share\interpreter\linkResolver.cpp, line 774]
Event: 2.964 Thread 0x0000020f18924ba0 Exception <a 'sun/nio/fs/WindowsException'{0x00000006296c3ef8}> (0x00000006296c3ef8) 
thrown [s\open\src\hotspot\share\prims\jni.cpp, line 517]
Event: 2.964 Thread 0x0000020f18924ba0 Exception <a 'sun/nio/fs/WindowsException'{0x00000006296c4298}> (0x00000006296c4298) 
thrown [s\open\src\hotspot\share\prims\jni.cpp, line 517]
Event: 2.968 Thread 0x0000020f18924ba0 Exception <a 'sun/nio/fs/WindowsException'{0x00000006296cd980}> (0x00000006296cd980) 
thrown [s\open\src\hotspot\share\prims\jni.cpp, line 517]
Event: 2.968 Thread 0x0000020f18924ba0 Exception <a 'sun/nio/fs/WindowsException'{0x00000006296cdc50}> (0x00000006296cdc50) 
thrown [s\open\src\hotspot\share\prims\jni.cpp, line 517]

VM Operations (12 events):
Event: 0.150 Executing VM operation: ChangeBreakpoints
Event: 0.150 Executing VM operation: ChangeBreakpoints done
Event: 0.242 Executing VM operation: HandshakeAllThreads
Event: 0.242 Executing VM operation: HandshakeAllThreads done
Event: 0.918 Executing VM operation: HandshakeAllThreads
Event: 0.918 Executing VM operation: HandshakeAllThreads done
Event: 1.077 Executing VM operation: HandshakeAllThreads
Event: 1.077 Executing VM operation: HandshakeAllThreads done
Event: 2.082 Executing VM operation: Cleanup
Event: 2.082 Executing VM operation: Cleanup done
Event: 3.091 Executing VM operation: Cleanup
Event: 3.091 Executing VM operation: Cleanup done

Events (20 events):
Event: 0.065 Thread 0x0000020f4bc40c00 Thread added: 0x0000020f4bc40c00
Event: 0.065 Thread 0x0000020f4bc4ad50 Thread added: 0x0000020f4bc4ad50
Event: 0.118 Thread 0x0000020f4bd62330 Thread added: 0x0000020f4bd62330
Event: 0.119 Thread 0x0000020f4bd668d0 Thread added: 0x0000020f4bd668d0
Event: 0.149 Thread 0x0000020f4bd82cb0 Thread added: 0x0000020f4bd82cb0
Event: 0.149 Thread 0x0000020f4bd7f920 Thread added: 0x0000020f4bd7f920
Event: 0.149 Thread 0x0000020f4bd7fe70 Thread added: 0x0000020f4bd7fe70
Event: 0.160 Thread 0x0000020f4bda4df0 Thread added: 0x0000020f4bda4df0
Event: 0.171 Thread 0x0000020f4bda54e0 Thread added: 0x0000020f4bda54e0
Event: 1.486 Thread 0x0000020f4c158640 Thread added: 0x0000020f4c158640
Event: 2.232 Thread 0x0000020f4c158640 Thread exited: 0x0000020f4c158640
Event: 2.232 Thread 0x0000020f4bd668d0 Thread exited: 0x0000020f4bd668d0
Event: 2.262 Thread 0x0000020f4c760360 Thread added: 0x0000020f4c760360
Event: 2.262 Thread 0x0000020f4c782eb0 Thread added: 0x0000020f4c782eb0
Event: 2.913 Thread 0x0000020f4c760360 Thread exited: 0x0000020f4c760360
Event: 2.913 Thread 0x0000020f4c782eb0 Thread exited: 0x0000020f4c782eb0
Event: 3.048 Thread 0x0000020f4f42f3a0 Thread added: 0x0000020f4f42f3a0
Event: 3.308 Thread 0x0000020f4f507730 Thread added: 0x0000020f4f507730
Event: 3.308 Thread 0x0000020f4f5090f0 Thread added: 0x0000020f4f5090f0
Event: 3.329 Thread 0x0000020f4f50b3b0 Thread added: 0x0000020f4f50b3b0


Dynamic libraries:
0x00007ff7edcf0000 - 0x00007ff7edcfe000 	C:\Users\Acer\.jdks\openjdk-19\bin\java.exe
0x00007ff8a6ff0000 - 0x00007ff8a71e8000 	C:\Windows\SYSTEM32\ntdll.dll
0x00007ff8a68e0000 - 0x00007ff8a699d000 	C:\Windows\System32\KERNEL32.DLL
0x00007ff8a4c60000 - 0x00007ff8a4f32000 	C:\Windows\System32\KERNELBASE.dll
0x00007ff8a47a0000 - 0x00007ff8a48a0000 	C:\Windows\System32\ucrtbase.dll
0x00007ff8774d0000 - 0x00007ff8774e7000 	C:\Users\Acer\.jdks\openjdk-19\bin\jli.dll
0x00007ff85e0d0000 - 0x00007ff85e0eb000 	C:\Users\Acer\.jdks\openjdk-19\bin\VCRUNTIME140.dll
0x00007ff8a6250000 - 0x00007ff8a63ed000 	C:\Windows\System32\USER32.dll
0x00007ff891480000 - 0x00007ff89171a000 	C:\Windows\WinSxS\amd64_microsoft.windows.common-controls_6595b64144ccf1df_6.0.19041.1110_none_60b5254171f9507e\COMCTL32.dll
0x00007ff8a4a50000 - 0x00007ff8a4a72000 	C:\Windows\System32\win32u.dll
0x00007ff8a55e0000 - 0x00007ff8a560b000 	C:\Windows\System32\GDI32.dll
0x00007ff8a50c0000 - 0x00007ff8a515e000 	C:\Windows\System32\msvcrt.dll
0x00007ff8a4f40000 - 0x00007ff8a504f000 	C:\Windows\System32\gdi32full.dll
0x00007ff8a4700000 - 0x00007ff8a479d000 	C:\Windows\System32\msvcp_win.dll
0x00007ff8a6220000 - 0x00007ff8a6250000 	C:\Windows\System32\IMM32.DLL
0x00007ff882520000 - 0x00007ff88252c000 	C:\Users\Acer\.jdks\openjdk-19\bin\vcruntime140_1.dll
0x00007ff8550f0000 - 0x00007ff85517e000 	C:\Users\Acer\.jdks\openjdk-19\bin\msvcp140.dll
0x00007ff854430000 - 0x00007ff8550f0000 	C:\Users\Acer\.jdks\openjdk-19\bin\server\jvm.dll
0x00007ff8a6e10000 - 0x00007ff8a6ebe000 	C:\Windows\System32\ADVAPI32.dll
0x00007ff8a5290000 - 0x00007ff8a532c000 	C:\Windows\System32\sechost.dll
0x00007ff8a5160000 - 0x00007ff8a5285000 	C:\Windows\System32\RPCRT4.dll
0x00007ff89c160000 - 0x00007ff89c169000 	C:\Windows\SYSTEM32\WSOCK32.dll
0x00007ff899530000 - 0x00007ff899557000 	C:\Windows\SYSTEM32\WINMM.dll
0x00007ff8a67c0000 - 0x00007ff8a682b000 	C:\Windows\System32\WS2_32.dll
0x00007ff89cad0000 - 0x00007ff89cada000 	C:\Windows\SYSTEM32\VERSION.dll
0x00007ff8a2f50000 - 0x00007ff8a2f62000 	C:\Windows\SYSTEM32\kernel.appcore.dll
0x00007ff87eb10000 - 0x00007ff87eb1a000 	C:\Users\Acer\.jdks\openjdk-19\bin\jimage.dll
0x00007ff8a2230000 - 0x00007ff8a2414000 	C:\Windows\SYSTEM32\DBGHELP.DLL
0x00007ff88a9e0000 - 0x00007ff88aa0c000 	C:\Windows\SYSTEM32\dbgcore.DLL
0x00007ff8a4910000 - 0x00007ff8a4992000 	C:\Windows\System32\bcryptPrimitives.dll
0x00007ff88f6a0000 - 0x00007ff88f6dc000 	C:\Users\Acer\.jdks\openjdk-19\bin\jdwp.dll
0x00007ff85d7b0000 - 0x00007ff85d7d6000 	C:\Users\Acer\.jdks\openjdk-19\bin\java.dll
0x00007ff854220000 - 0x00007ff8542f7000 	C:\Users\Acer\.jdks\openjdk-19\bin\jsvml.dll
0x00007ff8a5a20000 - 0x00007ff8a6163000 	C:\Windows\System32\SHELL32.dll
0x00007ff8a27a0000 - 0x00007ff8a2f31000 	C:\Windows\SYSTEM32\windows.storage.dll
0x00007ff8a56a0000 - 0x00007ff8a59f4000 	C:\Windows\System32\combase.dll
0x00007ff8a4160000 - 0x00007ff8a4190000 	C:\Windows\SYSTEM32\Wldp.dll
0x00007ff8a6830000 - 0x00007ff8a68dd000 	C:\Windows\System32\SHCORE.dll
0x00007ff8a63f0000 - 0x00007ff8a6445000 	C:\Windows\System32\shlwapi.dll
0x00007ff8a4640000 - 0x00007ff8a465f000 	C:\Windows\SYSTEM32\profapi.dll
0x00007ff89cdf0000 - 0x00007ff89cdfc000 	C:\Users\Acer\.jdks\openjdk-19\bin\dt_socket.dll
0x00007ff8a3b60000 - 0x00007ff8a3b9b000 	C:\Windows\SYSTEM32\IPHLPAPI.DLL
0x00007ff8a3ec0000 - 0x00007ff8a3f2a000 	C:\Windows\system32\mswsock.dll
0x00007ff85d560000 - 0x00007ff85d573000 	C:\Users\Acer\.jdks\openjdk-19\bin\net.dll
0x00007ff899420000 - 0x00007ff89952d000 	C:\Windows\SYSTEM32\WINHTTP.dll
0x00007ff85d540000 - 0x00007ff85d556000 	C:\Users\Acer\.jdks\openjdk-19\bin\nio.dll
0x00007ff85d520000 - 0x00007ff85d538000 	C:\Users\Acer\.jdks\openjdk-19\bin\zip.dll
0x000000006e700000 - 0x000000006e72a000 	C:\Users\Acer\AppData\Local\Temp\libgdxAcer\e1cd32f8\gdx64.dll
0x00007ff886aa0000 - 0x00007ff886b04000 	C:\Users\Acer\AppData\Local\Temp\lwjglAcer\3.2.3-build-13\lwjgl.dll
0x00007ff837310000 - 0x00007ff837563000 	C:\Users\Acer\AppData\Local\Temp\lwjglAcer\3.2.3-build-13\jemalloc.dll
0x00007ff886fa0000 - 0x00007ff887002000 	C:\Users\Acer\AppData\Local\Temp\lwjglAcer\3.2.3-build-13\glfw.dll
0x00007ff8a1c00000 - 0x00007ff8a1c9e000 	C:\Windows\system32\uxtheme.dll
0x00007ff886a10000 - 0x00007ff886a55000 	C:\Windows\SYSTEM32\dinput8.dll
0x00007ff886f80000 - 0x00007ff886f91000 	C:\Windows\SYSTEM32\xinput1_4.dll
0x00007ff8a4a80000 - 0x00007ff8a4ace000 	C:\Windows\System32\cfgmgr32.dll
0x00007ff8a44b0000 - 0x00007ff8a44dc000 	C:\Windows\SYSTEM32\DEVOBJ.dll
0x00007ff8a1df0000 - 0x00007ff8a1e1f000 	C:\Windows\SYSTEM32\dwmapi.dll
0x00007ff8933a0000 - 0x00007ff8934f2000 	C:\Windows\SYSTEM32\inputhost.dll
0x00007ff8a66f0000 - 0x00007ff8a67bd000 	C:\Windows\System32\OLEAUT32.dll
0x00007ff8a17e0000 - 0x00007ff8a18d2000 	C:\Windows\SYSTEM32\CoreMessaging.dll
0x00007ff89f8e0000 - 0x00007ff89f9d6000 	C:\Windows\SYSTEM32\PROPSYS.dll
0x00007ff8a0120000 - 0x00007ff8a0274000 	C:\Windows\SYSTEM32\wintypes.dll
0x00007ff8a1480000 - 0x00007ff8a17de000 	C:\Windows\SYSTEM32\CoreUIComponents.dll
0x00007ff8a3890000 - 0x00007ff8a38c3000 	C:\Windows\SYSTEM32\ntmarta.dll
0x00007ff8a5330000 - 0x00007ff8a5445000 	C:\Windows\System32\MSCTF.dll
0x00007ff8a2f40000 - 0x00007ff8a2f4d000 	C:\Windows\SYSTEM32\HID.DLL
0x00007ff8a69a0000 - 0x00007ff8a6e0f000 	C:\Windows\System32\SETUPAPI.DLL
0x00007ff8a4ad0000 - 0x00007ff8a4af7000 	C:\Windows\System32\bcrypt.dll
0x00007ff8a48a0000 - 0x00007ff8a4909000 	C:\Windows\System32\WINTRUST.dll
0x00007ff8a4b00000 - 0x00007ff8a4c56000 	C:\Windows\System32\CRYPT32.dll
0x00007ff8a42f0000 - 0x00007ff8a4302000 	C:\Windows\SYSTEM32\MSASN1.dll
0x00007ff8558f0000 - 0x00007ff8559fb000 	C:\Users\Acer\AppData\Local\Temp\lwjglAcer\3.2.3-build-13\OpenAL.dll
0x00007ff8a5450000 - 0x00007ff8a557a000 	C:\Windows\System32\ole32.dll
0x00007ff8a6170000 - 0x00007ff8a621f000 	C:\Windows\System32\clbcatq.dll
0x00007ff89cef0000 - 0x00007ff89cf75000 	C:\Windows\System32\MMDevApi.dll
0x00007ff89cf80000 - 0x00007ff89d102000 	C:\Windows\SYSTEM32\AUDIOSES.DLL
0x00007ff8a3cd0000 - 0x00007ff8a3d1b000 	C:\Windows\SYSTEM32\powrprof.dll
0x00007ff8a3b40000 - 0x00007ff8a3b52000 	C:\Windows\SYSTEM32\UMPDC.dll
0x00007ff8a1cf0000 - 0x00007ff8a1d04000 	C:\Windows\SYSTEM32\resourcepolicyclient.dll
0x00007ff860a90000 - 0x00007ff860bb7000 	C:\Windows\SYSTEM32\opengl32.dll
0x00007ff860490000 - 0x00007ff8604bc000 	C:\Windows\SYSTEM32\GLU32.dll
0x00007ff89d130000 - 0x00007ff89d227000 	C:\Windows\System32\AppXDeploymentClient.dll
0x00007ff831b70000 - 0x00007ff834b98000 	C:\Windows\System32\DriverStore\FileRepository\nvacig.inf_amd64_f4432b81d5e8ddcf\nvoglv64.dll
0x00007ff89fc10000 - 0x00007ff89fc24000 	C:\Windows\SYSTEM32\WTSAPI32.dll
0x00007ff8a40d0000 - 0x00007ff8a40dc000 	C:\Windows\SYSTEM32\CRYPTBASE.DLL
0x00007ff89b520000 - 0x00007ff89b551000 	C:\Windows\SYSTEM32\cryptnet.dll
0x00007ff89b1c0000 - 0x00007ff89b308000 	C:\Windows\SYSTEM32\drvstore.dll
0x00007ff899870000 - 0x00007ff8998ab000 	C:\Windows\SYSTEM32\dxcore.dll
0x00007ff8a3440000 - 0x00007ff8a34a4000 	C:\Windows\SYSTEM32\WINSTA.dll
0x00007ff8a2fc0000 - 0x00007ff8a30b3000 	C:\Windows\system32\dxgi.dll
0x00007ff8a06e0000 - 0x00007ff8a0943000 	C:\Windows\system32\d3d11.dll
0x00007ff87daf0000 - 0x00007ff87dba0000 	C:\Windows\System32\DriverStore\FileRepository\nvacig.inf_amd64_f4432b81d5e8ddcf\nvldumdx.dll
0x00007ff8a5a00000 - 0x00007ff8a5a1d000 	C:\Windows\System32\imagehlp.dll
0x00007ff8a40b0000 - 0x00007ff8a40c8000 	C:\Windows\SYSTEM32\CRYPTSP.dll
0x00007ff8a3770000 - 0x00007ff8a37a4000 	C:\Windows\system32\rsaenh.dll
0x00007ff84bda0000 - 0x00007ff84e6ea000 	C:\Windows\System32\DriverStore\FileRepository\nvacig.inf_amd64_f4432b81d5e8ddcf\nvwgf2umx.dll
0x00007ff896320000 - 0x00007ff896a89000 	C:\Windows\SYSTEM32\nvapi64.dll
0x00007ff83a100000 - 0x00007ff83a159000 	C:\Users\Acer\AppData\Local\Temp\lwjglAcer\3.2.3-build-13\lwjgl_opengl.dll

dbghelp: loaded successfully - version: 4.0.5 - missing functions: none
symbol engine: initialized successfully - sym options: 0x614 - pdb path: .;C:\Users\Acer\.jdks\openjdk-19\bin;C:\Windows\SYSTEM32;C:\Windows\WinSxS\amd64_microsoft.windows.common-controls_6595b64144ccf1df_6.0.19041.1110_none_60b5254171f9507e;C:\Users\Acer\.jdks\openjdk-19\bin\server;C:\Users\Acer\AppData\Local\Temp\libgdxAcer\e1cd32f8;C:\Users\Acer\AppData\Local\Temp\lwjglAcer\3.2.3-build-13;C:\Windows\System32\DriverStore\FileRepository\nvacig.inf_amd64_f4432b81d5e8ddcf

VM Arguments:
jvm_args: -agentlib:jdwp=transport=dt_socket,server=n,suspend=y,address=127.0.0.1:49782 -Dfile.encoding=windows-1250 -Duser.country=SK -Duser.language=sk -Duser.variant 
java_command: sk.uniza.fri.hra.DesktopLauncher
java_class_path (initial): C:\Users\Acer\Downloads\TowerDefense\TowerDefense\desktop\build\classes\java\main;C:\Users\Acer\Downloads\TowerDefense\TowerDefense\desktop\build\resources\main;C:\Users\Acer\.gradle\caches\modules-2\files-2.1\com.badlogicgames.gdx\gdx-backend-lwjgl3\1.10.0\600c7d5b2c977daa82c4abad147087b31e0ada87\gdx-backend-lwjgl3-1.10.0.jar;C:\Users\Acer\.gradle\caches\modules-2\files-2.1\com.badlogicgames.gdx\gdx-platform\1.10.0\9a8fa793d2fd6d360afc6c9e4c1f5583da263b88\gdx-platform-1.10.0-natives-desktop.jar;C:\Users\Acer\Downloads\TowerDefense\TowerDefense\core\build\libs\core-1.0.jar;C:\Users\Acer\.gradle\caches\modules-2\files-2.1\com.badlogicgames.gdx\gdx\1.10.0\74c240f79dc4fb6b766a834249600d0a019d0489\gdx-1.10.0.jar;C:\Users\Acer\.gradle\caches\modules-2\files-2.1\org.lwjgl\lwjgl-glfw\3.2.3\5e520d5c290c8b012545a8d34fa5db5ab051ea53\lwjgl-glfw-3.2.3.jar;C:\Users\Acer\.gradle\caches\modules-2\files-2.1\org.lwjgl\lwjgl-glfw\3.2.3\b4d8a3477cdc2edcf7a5f1e822926be846223f54\lwjgl-glfw-3.2.3-natives-windows.jar;C:\Users\Acer\.gradle\caches\modules-2\files-2.1\org.lwjgl\lwjgl-glfw\3.2.3\795d81329f65679ee6d299373cbea7fffc56b6ed\lwjgl-glfw-3.2.3-natives-windows-x86.jar;C:\Users\Acer\.gradle\caches\modules-2\files-2.1\org.lwjgl\lwjgl-glfw\3.2.3\62b044d9b0a057444bef2ab70b9afc288ec09dba\lwjgl-glfw-3.2.3-natives-linux.jar;C:\Users\Acer\.gradle\caches\modules-2\files-2.1\org.lwjgl\lwjgl-glfw\3.2.3\aab1a5a1e21eca87f4acd5ba055f6bfd5d90951c\lwjgl-glfw-3.2.3-natives-linux-arm32.jar;C:\Users\Acer\.gradle\caches\modules-2\files-2.1\org.lwjgl\lwjgl-glfw\3.2.3\5149002edd12c9a7f62fb053d0ca8ea05a45f83\lwjgl-glfw-3.2.3-natives-linux-arm64.jar;C:\Users\Acer\.gradle\caches\modules-2\files-2.1\org.lwjgl\lwjgl-glfw\3.2.3\58661272eacb9116336c88b4aadccf1f17c09b\lwjgl-glfw-3.2.3-natives-macos.jar;C:\Users\Acer\.gradle\caches\modules-2\files-2.1\org.lwjgl\lwjgl-jemalloc\3.2.3\b6fd0932171ba3f2eaa4547beddca3a3e645342d\lwjgl-jemalloc-3.2.3.jar;C:\Users\Acer\.gradle\caches\modules-2\files-2.1\org.lwjgl\lwjgl-jemalloc\3.2.3\3423fd0d4c7c1916c8f46b2075c4c2df02f22675\lwjgl-jemalloc-3.2.3-natives-windows.jar;C:\Users\Acer\.gradle\caches\modules-2\files-2.1\org.lwjgl\lwjgl-jemalloc\3.2.3\a176b1ca8c29b5986782785dad3295ba4cbfc6e5\lwjgl-jemalloc-3.2.3-natives-windows-x86.jar;C:\Users\Acer\.gradle\caches\modules-2\files-2.1\org.lwjgl\lwjgl-jemalloc\3.2.3\8d2dca364c11781de596fbcdee6782752e318cfb\lwjgl-jemalloc-3.2.3-natives-linux.jar;C:\Users\Acer\.gradle\caches\modules-2\files-2.1\org.lwjgl\lwjgl-jemalloc\3.2.3\d7e5cecbf045b7b7863343273ffea94e0e2f6994\lwjgl-jemalloc-3.2.3-natives-linux-arm32.jar;C:\Users\Acer\.gradle\caches\modules-2\files-2.1\org.lwjgl\lwjgl-jemalloc\3.2.3\bbc0a4672f5589e868ce3883da5a0c0b86e5b6ee\lwjgl-jemalloc-3.2.3-natives-linux-arm64.jar;C:\Users\Acer\.gradle\caches\modules-2\files-2.1\org.lwjgl\lwjgl-jemalloc\3.2.3\d6ffcb4224d3ccd3c31bd80093f71e69a7133a6a\lwjgl-jemalloc-3.2.3-natives-macos.jar;C:\Users\Acer\.gradle\caches\modules-2\files-2.1\org.lwjgl\lwjgl-opengl\3.2.3\bdd534a323d0c8f54969b95e424b6ac8984f7d6e\lwjgl-opengl-3.2.3.jar;C:\Users\Acer\.gradle\caches\modules-2\files-2.1\org.lwjgl\lwjgl-opengl\3.2.3\e81cfc73ec8708e5e791ed770e4ec3edfc1bbab1\lwjgl-opengl-3.2.3-natives-windows.jar;C:\Users\Acer\.gradle\caches\modules-2\files-2.1\org.lwjgl\lwjgl-opengl\3.2.3\ce32c782312e876bdcf3d4efb0d4f66d2936596c\lwjgl-opengl-3.2.3-natives-windows-x86.jar;C:\Users\Acer\.gradle\caches\modules-2\files-2.1\org.lwjgl\lwjgl-opengl\3.2.3\7f14db5da9aa7951efe88993f519d7d38ad6e46b\lwjgl-opengl-3.2.3-natives-linux.jar;C:\Users\Acer\.gradle\caches\modules-2\files-2.1\org.lwjgl\lwjgl-opengl\3.2.3\4925362a5f2412cb6467e6d6c6de26b9e1ccfc71\lwjgl-opengl-3.2.3-natives-linux-arm32.jar;C:\Users\Acer\.gradle\caches\modules-2\files-2.1\org.lwjgl\lwjgl-opengl\3.2.3\aceb5d9ca264beed6d41c87e001632491dae165f\lwjgl-opengl-3.2.3-natives-linux-arm64.jar;C:\Users\Acer\.gradle\caches\modules-2\files-2.1\org.lwjgl\lwjgl-opengl\3.2.3\efa3326c11336d3e74c9c8aeceb2420328d28e6b\lwjgl-opengl-3.2.3-natives-macos.jar;C:\Users\Acer\.gradle\caches\modules-2\files-2.1\org.lwjgl\lwjgl-openal\3.2.3\106742e805803ab9eab8e343f0fb31a3d263903c\lwjgl-openal-3.2.3.jar;C:\Users\Acer\.gradle\caches\modules-2\files-2.1\org.lwjgl\lwjgl-openal\3.2.3\ec898e8ce11b5886f4f532a1536283ef2817758d\lwjgl-openal-3.2.3-natives-windows.jar;C:\Users\Acer\.gradle\caches\modules-2\files-2.1\org.lwjgl\lwjgl-openal\3.2.3\6a5d841a1630aa52917900051008d8251f9dd1f8\lwjgl-openal-3.2.3-natives-windows-x86.jar;C:\Users\Acer\.gradle\caches\modules-2\files-2.1\org.lwjgl\lwjgl-openal\3.2.3\869ddd9dbbf92a7d1be7f5942ca0adbde068d999\lwjgl-openal-3.2.3-natives-linux.jar;C:\Users\Acer\.gradle\caches\modules-2\files-2.1\org.lwjgl\lwjgl-openal\3.2.3\5c30ef08c829252e542f9fbc04772d51013326c5\lwjgl-openal-3.2.3-natives-linux-arm32.jar;C:\Users\Acer\.gradle\caches\modules-2\files-2.1\org.lwjgl\lwjgl-openal\3.2.3\bc72c90b6feaa303ca838b138e1b9f679a66139c\lwjgl-openal-3.2.3-natives-linux-arm64.jar;C:\Users\Acer\.gradle\caches\modules-2\files-2.1\org.lwjgl\lwjgl-openal\3.2.3\67ddd2a090589dfe6c4659d7f8b125b43f7b822b\lwjgl-openal-3.2.3-natives-macos.jar;C:\Users\Acer\.gradle\caches\modules-2\files-2.1\org.lwjgl\lwjgl\3.2.3\17a59ba0fe8d474ec9dbe0d5db40d2cfe59c4c08\lwjgl-3.2.3.jar;C:\Users\Acer\.gradle\caches\modules-2\files-2.1\org.lwjgl\lwjgl\3.2.3\27f32cd35349684745951e04388e8e00d681cdcd\lwjgl-3.2.3-natives-windows.jar;C:\Users\Acer\.gradle\caches\modules-2\files-2.1\org.lwjgl\lwjgl\3.2.3\b311f19999076b41b039f9b050984ac5118ec52b\lwjgl-3.2.3-natives-windows-x86.jar;C:\Users\Acer\.gradle\caches\modules-2\files-2.1\org.lwjgl\lwjgl\3.2.3\3d9d36c93446c7a1c90bc7aec8fa89c7988bf82b\lwjgl-3.2.3-natives-linux.jar;C:\Users\Acer\.gradle\caches\modules-2\files-2.1\org.lwjgl\lwjgl\3.2.3\3180d363040744dfe0c6a0dd5d018cedae476e9a\lwjgl-3.2.3-natives-linux-arm32.jar;C:\Users\Acer\.gradle\caches\modules-2\files-2.1\org.lwjgl\lwjgl\3.2.3\368463bfc8ba25fa68a89a16ee535f0a229e86bc\lwjgl-3.2.3-natives-linux-arm64.jar;C:\Users\Acer\.gradle\caches\modules-2\files-2.1\org.lwjgl\lwjgl\3.2.3\35f506c5d368017a3cc5590da3d6d3a0760fb606\lwjgl-3.2.3-natives-macos.jar;C:\Users\Acer\.gradle\caches\modules-2\files-2.1\com.badlogicgames.jlayer\jlayer\1.0.1-gdx\7cca83cec5c1b2f011362f4d85aabd71a73b049d\jlayer-1.0.1-gdx.jar;C:\Users\Acer\.gradle\caches\modules-2\files-2.1\org.jcraft\jorbis\0.0.17\8872d22b293e8f5d7d56ff92be966e6dc28ebdc6\jorbis-0.0.17.jar
Launcher Type: SUN_STANDARD

[Global flags]
     intx CICompilerCount                          = 12                                        {product} {ergonomic}
     uint ConcGCThreads                            = 3                                         {product} {ergonomic}
     uint G1ConcRefinementThreads                  = 13                                        {product} {ergonomic}
   size_t G1HeapRegionSize                         = 4194304                                   {product} {ergonomic}
    uintx GCDrainStackTargetSize                   = 64                                        {product} {ergonomic}
   size_t InitialHeapSize                          = 528482304                                 {product} {ergonomic}
   size_t MarkStackSize                            = 4194304                                   {product} {ergonomic}
   size_t MaxHeapSize                              = 8413773824                                {product} {ergonomic}
   size_t MaxNewSize                               = 5045747712                                {product} {ergonomic}
   size_t MinHeapDeltaBytes                        = 4194304                                   {product} {ergonomic}
   size_t MinHeapSize                              = 8388608                                   {product} {ergonomic}
    uintx NonNMethodCodeHeapSize                   = 7602480                                {pd product} {ergonomic}
    uintx NonProfiledCodeHeapSize                  = 122027880                              {pd product} {ergonomic}
    uintx ProfiledCodeHeapSize                     = 122027880                              {pd product} {ergonomic}
    uintx ReservedCodeCacheSize                    = 251658240                              {pd product} {ergonomic}
     bool SegmentedCodeCache                       = true                                      {product} {ergonomic}
   size_t SoftMaxHeapSize                          = 8413773824                             {manageable} {ergonomic}
     bool UseCompressedClassPointers               = true                           {product lp64_product} {ergonomic}
     bool UseCompressedOops                        = true                           {product lp64_product} {ergonomic}
     bool UseG1GC                                  = true                                      {product} {ergonomic}
     bool UseLargePagesIndividualAllocation        = false                                  {pd product} {ergonomic}

Logging:
Log output configuration:
 #0: stdout all=warning uptime,level,tags foldmultilines=false
 #1: stderr all=off uptime,level,tags foldmultilines=false

Environment Variables:
PATH=C:\Program Files (x86)\Common Files\Oracle\Java\javapath;C:\Windows\system32;C:\Windows;C:\Windows\System32\Wbem;C:\Windows\System32\WindowsPowerShell\v1.0\;C:\Windows\System32\OpenSSH\;C:\Program Files (x86)\NVIDIA Corporation\PhysX\Common;C:\Program Files\Microsoft SQL Server\150\Tools\Binn\;C:\Program Files\Git\cmd;C:\Program Files\PuTTY\;C:\Program Files\MATLAB\R2022b\bin;C:\Users\Acer\scoop\shims;C:\Users\Acer\AppData\Local\Microsoft\WindowsApps;;C:\Users\Acer\AppData\Local\Programs\Microsoft VS Code\bin
USERNAME=Acer
OS=Windows_NT
PROCESSOR_IDENTIFIER=AMD64 Family 23 Model 104 Stepping 1, AuthenticAMD
TMP=C:\Users\Acer\AppData\Local\Temp
TEMP=C:\Users\Acer\AppData\Local\Temp



---------------  S Y S T E M  ---------------

OS:
 Windows 10 , 64 bit Build 19041 (10.0.19041.1889)
OS uptime: 0 days 0:12 hours

CPU: total 16 (initial active 16) (16 cores per cpu, 2 threads per core) family 23 model 104 stepping 1 microcode 0x0, cx8, cmov, fxsr, ht, mmx, 3dnowpref, sse, sse2, sse3, ssse3, sse4a, sse4.1, sse4.2, popcnt, lzcnt, tsc, tscinvbit, avx, avx2, aes, clmul, bmi1, bmi2, adx, sha, fma, vzeroupper, clflush, clflushopt, rdtscp, rdpid

Memory: 4k page, system-wide physical 32090M (24927M free)
TotalPageFile size 36954M (AvailPageFile size 26452M)
current process WorkingSet (physical memory assigned to process): 122M, peak: 123M
current process commit charge ("private bytes"): 722M, peak: 723M

vm_info: OpenJDK 64-Bit Server VM (19+36-2238) for windows-amd64 JRE (19+36-2238), built on 2022-08-12T20:29:01Z by "mach5one" with MS VC++ 17.1 (VS2022)

END.
